runcpu v6612 started at 2024-10-24 08:36:57 on "tdx-guest"
runcpu is: /home/tdx/speccpu2017/bin/harness/runcpu
runcpu: runcpu '--config=tdx' '--threads=16' 628.pop2_s
toolset: linux-x86_64
suite: CPU2017 1.1.9

Locating benchmarks...found 47 benchmarks in 73 benchsets.
Reading config file '/home/tdx/speccpu2017/config/tdx.cfg'

1 configuration selected:

 Action    Run Mode   Workload     Report Type      Benchmarks
--------   --------   --------   ----------------   ---------------------------
validate   speed      refspeed   SPECspeed2017_fp   628.pop2_s                 
-------------------------------------------------------------------------------

Setting up environment for running 628.pop2_s...
Starting runcpu for 628.pop2_s...
Running "specperl /home/tdx/speccpu2017/bin/sysinfo" to gather system information.
sysinfo: r6732 of 2022-11-07 (fe91c89b7ed5c36ae2c92cc097bec197)
sysinfo: ...getting basic information about kernel, users, and limits
sysinfo: Getting system information for Linux...
sysinfo: ...getting CPU info
sysinfo: ...getting info from numactl
sysinfo: ...getting memory info
sysinfo: ...getting info from systemd
sysinfo: ...getting power info
sysinfo: ...getting system tuning info
sysinfo: ...getting OS info
sysinfo: ...getting disk info
sysinfo: ...getting info from /sys/devices/virtual/dmi/id
sysinfo: ...getting info from dmidecode
Read 305 info lines from the sysinfo program:
  1: notes_plat_sysinfo_100 =  
  2: notes_plat_sysinfo_101 = Sysinfo program /home/tdx/speccpu2017/bin/sysinfo
  3: notes_plat_sysinfo_102 = Rev: r6732 of 2022-11-07 fe91c89b7ed5c36ae2c92cc097bec197
  4: notes_plat_sysinfo_103 = running on tdx-guest Thu Oct 24 08:36:59 2024
  5: notes_plat_sysinfo_104 =  
  6: notes_plat_sysinfo_105 = SUT (System Under Test) info as seen by some common utilities.
  7: notes_plat_sysinfo_107 = 
  8: notes_plat_sysinfo_108 = ------------------------------------------------------------
  9: notes_plat_sysinfo_109 = Table of contents
 10: notes_plat_sysinfo_110 = ------------------------------------------------------------
 11: notes_plat_sysinfo_111 =  1. uname -a
 12: notes_plat_sysinfo_112 =  2. w
 13: notes_plat_sysinfo_113 =  3. Username
 14: notes_plat_sysinfo_114 =  4. ulimit -a
 15: notes_plat_sysinfo_115 =  5. sysinfo process ancestry
 16: notes_plat_sysinfo_116 =  6. /proc/cpuinfo
 17: notes_plat_sysinfo_117 =  7. lscpu
 18: notes_plat_sysinfo_118 =  8. numactl --hardware
 19: notes_plat_sysinfo_119 =  9. /proc/meminfo
 20: notes_plat_sysinfo_120 = 10. who -r
 21: notes_plat_sysinfo_121 = 11. Systemd service manager version: systemd 255 (255.4-1ubuntu8.1)
 22: notes_plat_sysinfo_122 = 12. Services, from systemctl list-unit-files
 23: notes_plat_sysinfo_123 = 13. Linux kernel boot-time arguments, from /proc/cmdline
 24: notes_plat_sysinfo_124 = 14. cpupower frequency-info
 25: notes_plat_sysinfo_125 = 15. sysctl
 26: notes_plat_sysinfo_126 = 16. /sys/kernel/mm/transparent_hugepage
 27: notes_plat_sysinfo_127 = 17. /sys/kernel/mm/transparent_hugepage/khugepaged
 28: notes_plat_sysinfo_128 = 18. OS release
 29: notes_plat_sysinfo_129 = 19. Disk information
 30: notes_plat_sysinfo_130 = 20. /sys/devices/virtual/dmi/id
 31: notes_plat_sysinfo_131 = 21. dmidecode
 32: notes_plat_sysinfo_132 = 22. BIOS
 33: notes_plat_sysinfo_133 = ------------------------------------------------------------
 34: notes_plat_sysinfo_206 =  
 35: notes_plat_sysinfo_207 = ------------------------------------------------------------
 36: notes_plat_sysinfo_208 = 1. uname -a
 37: notes_plat_sysinfo_209 =   Linux tdx-guest 6.8.0-35-generic #35-Ubuntu SMP PREEMPT_DYNAMIC Mon May 20 15:51:52 UTC 2024 x86_64 x86_64
 38: notes_plat_sysinfo_210 =   x86_64 GNU/Linux
 39: notes_plat_sysinfo_211 =  
 40: notes_plat_sysinfo_212 = ------------------------------------------------------------
 41: notes_plat_sysinfo_213 = 2. w
 42: notes_plat_sysinfo_214 =    08:36:59 up 44 min,  1 user,  load average: 0.08, 0.02, 0.01
 43: notes_plat_sysinfo_215 =   USER     TTY      FROM             LOGIN@   IDLE   JCPU   PCPU WHAT
 44: notes_plat_sysinfo_216 =   root     hvc0     -                07:53    3.00s  2.54s  0.02s w
 45: notes_plat_sysinfo_217 =  
 46: notes_plat_sysinfo_218 = ------------------------------------------------------------
 47: notes_plat_sysinfo_219 = 3. Username
 48: notes_plat_sysinfo_220 =   From environment variable $USER:  root
 49: notes_plat_sysinfo_221 =  
 50: notes_plat_sysinfo_222 = ------------------------------------------------------------
 51: notes_plat_sysinfo_223 = 4. ulimit -a
 52: notes_plat_sysinfo_224 =   time(seconds)        unlimited
 53: notes_plat_sysinfo_225 =   file(blocks)         unlimited
 54: notes_plat_sysinfo_226 =   data(kbytes)         unlimited
 55: notes_plat_sysinfo_227 =   stack(kbytes)        8192
 56: notes_plat_sysinfo_228 =   coredump(blocks)     0
 57: notes_plat_sysinfo_229 =   memory(kbytes)       unlimited
 58: notes_plat_sysinfo_230 =   locked memory(kbytes) 233908
 59: notes_plat_sysinfo_231 =   process              7107
 60: notes_plat_sysinfo_232 =   nofiles              1024
 61: notes_plat_sysinfo_233 =   vmemory(kbytes)      unlimited
 62: notes_plat_sysinfo_234 =   locks                unlimited
 63: notes_plat_sysinfo_235 =   rtprio               0
 64: notes_plat_sysinfo_236 =  
 65: notes_plat_sysinfo_237 = ------------------------------------------------------------
 66: notes_plat_sysinfo_238 = 5. sysinfo process ancestry
 67: notes_plat_sysinfo_239 =  /sbin/init
 68: notes_plat_sysinfo_240 =  /bin/login -p --
 69: notes_plat_sysinfo_241 =  -bash
 70: notes_plat_sysinfo_242 =  runcpu --config=tdx --threads=16 628.pop2_s
 71: notes_plat_sysinfo_243 =  runcpu --configfile tdx --threads 16 --noreportable --nopower --runmode speed --tune base:peak --size
 72: notes_plat_sysinfo_244 =    refspeed 628.pop2_s --nopreenv --note-preenv --logfile
 73: notes_plat_sysinfo_245 =    $SPEC/tmp/CPU2017.012/templogs/preenv.fpspeed.012.0.log --lognum 012.0 --from_runcpu 2
 74: notes_plat_sysinfo_246 =  specperl $SPEC/bin/sysinfo
 75: notes_plat_sysinfo_247 = $SPEC = /home/tdx/speccpu2017
 76: notes_plat_sysinfo_248 =  
 77: notes_plat_sysinfo_249 = ------------------------------------------------------------
 78: notes_plat_sysinfo_250 = 6. /proc/cpuinfo
 79: notes_plat_sysinfo_251 =     model name      : 06/8f
 80: notes_plat_sysinfo_252 =     vendor_id       : GenuineIntel
 81: notes_plat_sysinfo_253 =     cpu family      : 6
 82: notes_plat_sysinfo_254 =     model           : 143
 83: notes_plat_sysinfo_255 =     stepping        : 8
 84: notes_plat_sysinfo_256 =     microcode       : 0x2b0005d1
 85: notes_plat_sysinfo_257 =     bugs            : spectre_v1 spectre_v2 spec_store_bypass swapgs eibrs_pbrsb bhi
 86: notes_plat_sysinfo_258 =     cpu cores       : 16
 87: notes_plat_sysinfo_259 =     siblings        : 16
 88: notes_plat_sysinfo_260 =     1 physical ids (chips)
 89: notes_plat_sysinfo_261 =     16 processors (hardware threads)
 90: notes_plat_sysinfo_262 =     physical id 0: core ids 0-15
 91: notes_plat_sysinfo_263 =     physical id 0: apicids 0-15
 92: notes_plat_sysinfo_264 =   Caution: /proc/cpuinfo data regarding chips, cores, and threads is not necessarily reliable, especially for
 93: notes_plat_sysinfo_265 =   virtualized systems.  Use the above data carefully.
 94: notes_plat_sysinfo_266 =  
 95: notes_plat_sysinfo_267 = ------------------------------------------------------------
 96: notes_plat_sysinfo_268 = 7. lscpu
 97: notes_plat_sysinfo_269 =  
 98: notes_plat_sysinfo_270 = From lscpu from util-linux 2.39.3:
 99: notes_plat_sysinfo_271 =   Architecture:                         x86_64
100: notes_plat_sysinfo_272 =   CPU op-mode(s):                       32-bit, 64-bit
101: notes_plat_sysinfo_273 =   Address sizes:                        52 bits physical, 57 bits virtual
102: notes_plat_sysinfo_274 =   Byte Order:                           Little Endian
103: notes_plat_sysinfo_275 =   CPU(s):                               16
104: notes_plat_sysinfo_276 =   On-line CPU(s) list:                  0-15
105: notes_plat_sysinfo_277 =   Vendor ID:                            GenuineIntel
106: notes_plat_sysinfo_278 =   BIOS Vendor ID:                       QEMU
107: notes_plat_sysinfo_279 =   Model name:                           06/8f
108: notes_plat_sysinfo_280 =   BIOS Model name:                      pc-q35-8.2  CPU @ 2.0GHz
109: notes_plat_sysinfo_281 =   BIOS CPU family:                      1
110: notes_plat_sysinfo_282 =   CPU family:                           6
111: notes_plat_sysinfo_283 =   Model:                                143
112: notes_plat_sysinfo_284 =   Thread(s) per core:                   1
113: notes_plat_sysinfo_285 =   Core(s) per socket:                   16
114: notes_plat_sysinfo_286 =   Socket(s):                            1
115: notes_plat_sysinfo_287 =   Stepping:                             8
116: notes_plat_sysinfo_288 =   BogoMIPS:                             4800.00
117: notes_plat_sysinfo_289 =   Flags:                                fpu vme de pse tsc msr pae mce cx8 apic sep mtrr pge mca cmov pat
118: notes_plat_sysinfo_290 =                                         clflush dts mmx fxsr sse sse2 ss ht tm syscall nx pdpe1gb rdtscp lm
119: notes_plat_sysinfo_291 =                                         constant_tsc bts rep_good nopl tsc_reliable nonstop_tsc cpuid
120: notes_plat_sysinfo_292 =                                         tsc_known_freq pni pclmulqdq dtes64 ds_cpl ssse3 fma cx16 pdcm pcid
121: notes_plat_sysinfo_293 =                                         sse4_1 sse4_2 x2apic movbe popcnt tsc_deadline_timer aes xsave avx
122: notes_plat_sysinfo_294 =                                         f16c rdrand hypervisor lahf_lm abm 3dnowprefetch cpuid_fault ssbd
123: notes_plat_sysinfo_295 =                                         ibrs ibpb stibp ibrs_enhanced tdx_guest fsgsbase bmi1 avx2 smep bmi2
124: notes_plat_sysinfo_296 =                                         erms invpcid avx512f avx512dq rdseed adx smap avx512ifma clflushopt
125: notes_plat_sysinfo_297 =                                         clwb avx512cd sha_ni avx512bw avx512vl xsaveopt xsavec xgetbv1 xsaves
126: notes_plat_sysinfo_298 =                                         avx_vnni avx512_bf16 wbnoinvd avx512vbmi umip pku ospke avx512_vbmi2
127: notes_plat_sysinfo_299 =                                         gfni vaes vpclmulqdq avx512_vnni avx512_bitalg avx512_vpopcntdq la57
128: notes_plat_sysinfo_300 =                                         rdpid bus_lock_detect cldemote movdiri movdir64b fsrm md_clear
129: notes_plat_sysinfo_301 =                                         serialize tsxldtrk amx_bf16 avx512_fp16 amx_tile amx_int8 flush_l1d
130: notes_plat_sysinfo_302 =                                         arch_capabilities
131: notes_plat_sysinfo_303 =   Hypervisor vendor:                    KVM
132: notes_plat_sysinfo_304 =   Virtualization type:                  full
133: notes_plat_sysinfo_305 =   L1d cache:                            512 KiB (16 instances)
134: notes_plat_sysinfo_306 =   L1i cache:                            512 KiB (16 instances)
135: notes_plat_sysinfo_307 =   L2 cache:                             64 MiB (16 instances)
136: notes_plat_sysinfo_308 =   L3 cache:                             16 MiB (1 instance)
137: notes_plat_sysinfo_309 =   NUMA node(s):                         1
138: notes_plat_sysinfo_310 =   NUMA node0 CPU(s):                    0-15
139: notes_plat_sysinfo_311 =   Vulnerability Gather data sampling:   Not affected
140: notes_plat_sysinfo_312 =   Vulnerability Itlb multihit:          Not affected
141: notes_plat_sysinfo_313 =   Vulnerability L1tf:                   Not affected
142: notes_plat_sysinfo_314 =   Vulnerability Mds:                    Not affected
143: notes_plat_sysinfo_315 =   Vulnerability Meltdown:               Not affected
144: notes_plat_sysinfo_316 =   Vulnerability Mmio stale data:        Not affected
145: notes_plat_sysinfo_317 =   Vulnerability Reg file data sampling: Not affected
146: notes_plat_sysinfo_318 =   Vulnerability Retbleed:               Not affected
147: notes_plat_sysinfo_319 =   Vulnerability Spec rstack overflow:   Not affected
148: notes_plat_sysinfo_320 =   Vulnerability Spec store bypass:      Mitigation; Speculative Store Bypass disabled via prctl
149: notes_plat_sysinfo_321 =   Vulnerability Spectre v1:             Mitigation; usercopy/swapgs barriers and __user pointer sanitization
150: notes_plat_sysinfo_322 =   Vulnerability Spectre v2:             Mitigation; Enhanced / Automatic IBRS; IBPB conditional; RSB filling;
151: notes_plat_sysinfo_323 =                                         PBRSB-eIBRS SW sequence; BHI BHI_DIS_S
152: notes_plat_sysinfo_324 =   Vulnerability Srbds:                  Not affected
153: notes_plat_sysinfo_325 =   Vulnerability Tsx async abort:        Not affected
154: notes_plat_sysinfo_326 =  
155: notes_plat_sysinfo_327 = From lscpu --cache:
156: notes_plat_sysinfo_328 =      NAME ONE-SIZE ALL-SIZE WAYS TYPE        LEVEL  SETS PHY-LINE COHERENCY-SIZE
157: notes_plat_sysinfo_329 =      L1d       32K     512K    8 Data            1    64        1             64
158: notes_plat_sysinfo_330 =      L1i       32K     512K    8 Instruction     1    64        1             64
159: notes_plat_sysinfo_331 =      L2         4M      64M   16 Unified         2  4096        1             64
160: notes_plat_sysinfo_332 =      L3        16M      16M   16 Unified         3 16384        1             64
161: notes_plat_sysinfo_333 =  
162: notes_plat_sysinfo_334 = ------------------------------------------------------------
163: notes_plat_sysinfo_335 = 8. numactl --hardware
164: notes_plat_sysinfo_336 = NOTE: a numactl 'node' might or might not correspond to a physical chip.
165: notes_plat_sysinfo_337 =   available: 1 nodes (0)
166: notes_plat_sysinfo_338 =   node 0 cpus: 0-15
167: notes_plat_sysinfo_339 =   node 0 size: 1827 MB
168: notes_plat_sysinfo_340 =   node 0 free: 1122 MB
169: notes_plat_sysinfo_341 =   node distances:
170: notes_plat_sysinfo_342 =   node   0
171: notes_plat_sysinfo_343 =     0:  10
172: notes_plat_sysinfo_344 =  
173: notes_plat_sysinfo_345 = ------------------------------------------------------------
174: notes_plat_sysinfo_346 = 9. /proc/meminfo
175: notes_plat_sysinfo_347 =    MemTotal:        1871276 kB
176: notes_plat_sysinfo_348 =  
177: notes_plat_sysinfo_349 = ------------------------------------------------------------
178: notes_plat_sysinfo_350 = 10. who -r
179: notes_plat_sysinfo_351 =   run-level 5 Oct 24 07:53
180: notes_plat_sysinfo_352 =  
181: notes_plat_sysinfo_353 = ------------------------------------------------------------
182: notes_plat_sysinfo_354 = 11. Systemd service manager version: systemd 255 (255.4-1ubuntu8.1)
183: notes_plat_sysinfo_355 =   Default Target  Status
184: notes_plat_sysinfo_356 =   graphical       running
185: notes_plat_sysinfo_357 =  
186: notes_plat_sysinfo_358 = ------------------------------------------------------------
187: notes_plat_sysinfo_359 = 12. Services, from systemctl list-unit-files
188: notes_plat_sysinfo_360 =   STATE            UNIT FILES
189: notes_plat_sysinfo_361 =   enabled          ModemManager apparmor apport blk-availability cloud-config cloud-final cloud-init
190: notes_plat_sysinfo_362 =                    cloud-init-local console-setup cron dmesg e2scrub_reap finalrd getty@ grub-common
191: notes_plat_sysinfo_363 =                    grub-initrd-fallback keyboard-setup lvm2-monitor multipathd networkd-dispatcher open-iscsi
192: notes_plat_sysinfo_364 =                    open-vm-tools rsyslog secureboot-db setvtrgb snapd ssh sysstat systemd-networkd
193: notes_plat_sysinfo_365 =                    systemd-networkd-wait-online systemd-pstore systemd-resolved systemd-timesyncd
194: notes_plat_sysinfo_366 =                    ua-reboot-cmds ubuntu-advantage udisks2 ufw unattended-upgrades vgauth
195: notes_plat_sysinfo_367 =   enabled-runtime  netplan-ovs-cleanup systemd-fsck-root systemd-remount-fs
196: notes_plat_sysinfo_368 =   disabled         console-getty debug-shell iscsid nftables rsync systemd-boot-check-no-failures
197: notes_plat_sysinfo_369 =                    systemd-confext systemd-network-generator systemd-networkd-wait-online@
198: notes_plat_sysinfo_370 =                    systemd-pcrlock-file-system systemd-pcrlock-firmware-code systemd-pcrlock-firmware-config
199: notes_plat_sysinfo_371 =                    systemd-pcrlock-machine-id systemd-pcrlock-make-policy
200: notes_plat_sysinfo_372 =                    systemd-pcrlock-secureboot-authority systemd-pcrlock-secureboot-policy systemd-sysext
201: notes_plat_sysinfo_373 =                    systemd-time-wait-sync
202: notes_plat_sysinfo_374 =   indirect         serial-getty@ systemd-sysupdate systemd-sysupdate-reboot uuidd
203: notes_plat_sysinfo_375 =   masked           cryptdisks cryptdisks-early hwclock multipath-tools-boot pollinate screen-cleanup sudo
204: notes_plat_sysinfo_376 =                    x11-common
205: notes_plat_sysinfo_377 =  
206: notes_plat_sysinfo_378 = ------------------------------------------------------------
207: notes_plat_sysinfo_379 = 13. Linux kernel boot-time arguments, from /proc/cmdline
208: notes_plat_sysinfo_380 =   BOOT_IMAGE=/vmlinuz-6.8.0-35-generic
209: notes_plat_sysinfo_381 =   root=UUID=41106c9c-97fc-4396-8622-4f692c8c5bb1
210: notes_plat_sysinfo_382 =   ro
211: notes_plat_sysinfo_383 =   console=tty1
212: notes_plat_sysinfo_384 =   console=ttyS0
213: notes_plat_sysinfo_385 =  
214: notes_plat_sysinfo_386 = ------------------------------------------------------------
215: notes_plat_sysinfo_387 = 14. cpupower frequency-info
216: notes_plat_sysinfo_388 =   analyzing CPU 4:
217: notes_plat_sysinfo_389 =     Unable to determine current policy
218: notes_plat_sysinfo_390 =     boost state support:
219: notes_plat_sysinfo_391 =       Supported: no
220: notes_plat_sysinfo_392 =       Active: no
221: notes_plat_sysinfo_393 =  
222: notes_plat_sysinfo_394 = ------------------------------------------------------------
223: notes_plat_sysinfo_395 = 15. sysctl
224: notes_plat_sysinfo_396 =   kernel.numa_balancing               0
225: notes_plat_sysinfo_397 =   kernel.randomize_va_space           2
226: notes_plat_sysinfo_398 =   vm.compaction_proactiveness        20
227: notes_plat_sysinfo_399 =   vm.dirty_background_bytes           0
228: notes_plat_sysinfo_400 =   vm.dirty_background_ratio          10
229: notes_plat_sysinfo_401 =   vm.dirty_bytes                      0
230: notes_plat_sysinfo_402 =   vm.dirty_expire_centisecs        3000
231: notes_plat_sysinfo_403 =   vm.dirty_ratio                     20
232: notes_plat_sysinfo_404 =   vm.dirty_writeback_centisecs      500
233: notes_plat_sysinfo_405 =   vm.dirtytime_expire_seconds     43200
234: notes_plat_sysinfo_406 =   vm.extfrag_threshold              500
235: notes_plat_sysinfo_407 =   vm.min_unmapped_ratio               1
236: notes_plat_sysinfo_408 =   vm.nr_hugepages                     0
237: notes_plat_sysinfo_409 =   vm.nr_hugepages_mempolicy           0
238: notes_plat_sysinfo_410 =   vm.nr_overcommit_hugepages          0
239: notes_plat_sysinfo_411 =   vm.swappiness                      60
240: notes_plat_sysinfo_412 =   vm.watermark_boost_factor       15000
241: notes_plat_sysinfo_413 =   vm.watermark_scale_factor          10
242: notes_plat_sysinfo_414 =   vm.zone_reclaim_mode                0
243: notes_plat_sysinfo_415 =  
244: notes_plat_sysinfo_416 = ------------------------------------------------------------
245: notes_plat_sysinfo_417 = 16. /sys/kernel/mm/transparent_hugepage
246: notes_plat_sysinfo_418 =   defrag          always defer defer+madvise [madvise] never
247: notes_plat_sysinfo_419 =   enabled         always [madvise] never
248: notes_plat_sysinfo_420 =   hpage_pmd_size  2097152
249: notes_plat_sysinfo_421 =   shmem_enabled   always within_size advise [never] deny force
250: notes_plat_sysinfo_422 =  
251: notes_plat_sysinfo_423 = ------------------------------------------------------------
252: notes_plat_sysinfo_424 = 17. /sys/kernel/mm/transparent_hugepage/khugepaged
253: notes_plat_sysinfo_425 =   alloc_sleep_millisecs   60000
254: notes_plat_sysinfo_426 =   defrag                      1
255: notes_plat_sysinfo_427 =   max_ptes_none             511
256: notes_plat_sysinfo_428 =   max_ptes_shared           256
257: notes_plat_sysinfo_429 =   max_ptes_swap              64
258: notes_plat_sysinfo_430 =   pages_to_scan            4096
259: notes_plat_sysinfo_431 =   scan_sleep_millisecs    10000
260: notes_plat_sysinfo_432 =  
261: notes_plat_sysinfo_433 = ------------------------------------------------------------
262: notes_plat_sysinfo_434 = 18. OS release
263: notes_plat_sysinfo_435 =   From /etc/*-release /etc/*-version
264: notes_plat_sysinfo_436 =   os-release Ubuntu 24.04 LTS
265: notes_plat_sysinfo_437 =  
266: notes_plat_sysinfo_438 = ------------------------------------------------------------
267: notes_plat_sysinfo_439 = 19. Disk information
268: notes_plat_sysinfo_440 = SPEC is set to: /home/tdx/speccpu2017
269: notes_plat_sysinfo_441 =   Filesystem     Type  Size  Used Avail Use% Mounted on
270: notes_plat_sysinfo_442 =   /dev/vda1      ext4   51G   18G   34G  35% /
271: notes_plat_sysinfo_443 =  
272: notes_plat_sysinfo_444 = ------------------------------------------------------------
273: notes_plat_sysinfo_445 = 20. /sys/devices/virtual/dmi/id
274: notes_plat_sysinfo_446 =     Vendor:         QEMU
275: notes_plat_sysinfo_447 =     Product:        Standard PC (Q35 + ICH9, 2009)
276: notes_plat_sysinfo_448 =  
277: notes_plat_sysinfo_449 = ------------------------------------------------------------
278: notes_plat_sysinfo_450 = 21. dmidecode
279: notes_plat_sysinfo_451 =   Additional information from dmidecode 3.5 follows.  WARNING: Use caution when you interpret this section.
280: notes_plat_sysinfo_452 =   The 'dmidecode' program reads system data which is "intended to allow hardware to be accurately
281: notes_plat_sysinfo_453 =   determined", but the intent may not be met, as there are frequent changes to hardware, firmware, and the
282: notes_plat_sysinfo_454 =   "DMTF SMBIOS" standard.
283: notes_plat_sysinfo_455 =   Memory:
284: notes_plat_sysinfo_456 =     1x QEMU Not Specified 2 GB
285: notes_plat_sysinfo_457 =  
286: notes_plat_sysinfo_458 =  
287: notes_plat_sysinfo_459 = ------------------------------------------------------------
288: notes_plat_sysinfo_460 = 22. BIOS
289: notes_plat_sysinfo_461 = (This section combines info from /sys/devices and dmidecode.)
290: notes_plat_sysinfo_462 =    BIOS Vendor:       Ubuntu distribution of EDK II
291: notes_plat_sysinfo_463 =    BIOS Version:      2024.02-3+tdx1.0
292: notes_plat_sysinfo_464 =    BIOS Date:         07/03/2024
293: notes_plat_sysinfo_465 =    BIOS Revision:     0.0
294: hw_cpu_name        = 06/8f
295: hw_disk            = 51 GB  add more disk info here
296: hw_memory001       = 1.785 GB fixme: If using DDR4, the format is:
297: hw_memory002       = 'N GB (N x N GB nRxn PC4-nnnnX-X)'
298: hw_nchips          = 1
299: hw_ncores          = 16
300: hw_nthreadspercore = 1
301: prepared_by        = root  (is never output, only tags rawfile)
302: sw_file            = ext4
303: sw_os001           = Ubuntu 24.04 LTS
304: sw_os002           = 6.8.0-35-generic
305: sw_state           = Run level 5 (add definition here)

Retrieving flags file (/home/tdx/speccpu2017/config/flags/gcc.xml)...
Verbosity = 5
Action    = validate
Tune      = base,peak
Label     = mytest-m64
Size      = refspeed
benchmarks= 628.pop2_s
outputs   = txt,html,cfg,pdf,csv
username  = root
Environment settings:
LD_LIBRARY_PATH = "%{gcc_dir}/lib64/:%{gcc_dir}/lib/:/lib64"
OMP_STACKSIZE = "120M"

Benchmarks selected: 628.pop2_s
Compiling Binaries
------------------------------------------------------------------------
FPP: "specpp -DSPEC -DNDEBUG -w -I. -Inetcdf/include -D_MPISERIAL -D_NETCDF -D_USEBOX -DCCSMCOUPLED=1 -DNO_SHR_VMATH -DBLCKX=50 -DBLCKY=4 -DMXBLCKS=58 -DNO_GETTIMEOFDAY -DSPEC_AUTO_BYTEORDER=0x12345678 -DSPEC_OPENMP -DSPEC_LP64 <source> -o <source>.fppized.f9x"
P: CPUFLAGS="-DSPEC -DNDEBUG"
P: BENCH_FPPFLAGS="-w -I. -Inetcdf/include -D_MPISERIAL -D_NETCDF -D_USEBOX -DCCSMCOUPLED=1 -DNO_SHR_VMATH -DBLCKX=50 -DBLCKY=4 -DMXBLCKS=58 -DNO_GETTIMEOFDAY -DSPEC_AUTO_BYTEORDER=0x12345678"
O: OPTIMIZE=""
O: EXTRA_OPTIMIZE="-DSPEC_OPENMP"
O: FPPOPTIMIZE=""
O: EXTRA_FPPOPTIMIZE=""
O: FOPTIMIZE=""
O: EXTRA_FOPTIMIZE=""
P: PORTABILITY=""
P: EXTRA_PORTABILITY="-DSPEC_LP64"
P: FPORTABILITY=""
P: EXTRA_FPORTABILITY=""
COMP: "/usr/bin/gfortran           -m64 -c -o options.o -g -O3 -march=native -fconvert=big-endian -fallow-argument-mismatch -fopenmp <source>"
C: FC="/usr/bin/gfortran           -m64"
C: FOBJOPT="-c -o options"
P: CPUFLAGS="-DSPEC -DNDEBUG"
P: BENCH_FLAGS=""
P: BENCH_FFLAGS=""
O: OPTIMIZE="-g -O3 -march=native"
O: FOPTIMIZE=""
P: PORTABILITY=""
P: FPORTABILITY="-fconvert=big-endian"
O: EXTRA_FFLAGS="-fallow-argument-mismatch"
O: EXTRA_OPTIMIZE="-fopenmp -DSPEC_OPENMP"
O: EXTRA_FOPTIMIZE=""
P: EXTRA_PORTABILITY="-DSPEC_LP64"
P: EXTRA_FPORTABILITY=""
COMP: "/usr/bin/gcc     -std=c99   -m64 -c -o options.o -DSPEC -DNDEBUG  -I. -Inetcdf/include -D_MPISERIAL -D_NETCDF -D_USEBOX -DCCSMCOUPLED=1 -DNO_SHR_VMATH -DBLCKX=50 -DBLCKY=4 -DMXBLCKS=58 -DNO_GETTIMEOFDAY  -DSPEC_AUTO_BYTEORDER=0x12345678 -g -O3 -march=native         -DSPEC_CASE_FLAG -fno-strict-aliasing -fopenmp -DSPEC_OPENMP    -DSPEC_LP64  <source>"
C: CC="/usr/bin/gcc     -std=c99   -m64"
C: COBJOPT="-c -o options"
P: CPUFLAGS="-DSPEC -DNDEBUG"
P: BENCH_FLAGS=""
P: BENCH_CFLAGS="-I. -Inetcdf/include -D_MPISERIAL -D_NETCDF -D_USEBOX -DCCSMCOUPLED=1 -DNO_SHR_VMATH -DBLCKX=50 -DBLCKY=4 -DMXBLCKS=58 -DNO_GETTIMEOFDAY  -DSPEC_AUTO_BYTEORDER=0x12345678"
O: OPTIMIZE="-g -O3 -march=native"
O: COPTIMIZE=""
P: PORTABILITY=""
P: CPORTABILITY="-DSPEC_CASE_FLAG"
O: EXTRA_CFLAGS="-fno-strict-aliasing"
O: EXTRA_OPTIMIZE="-fopenmp -DSPEC_OPENMP"
O: EXTRA_COPTIMIZE=""
P: EXTRA_PORTABILITY="-DSPEC_LP64"
P: EXTRA_CPORTABILITY=""
LINK: "/usr/bin/gfortran           -m64      -g -O3 -march=native      -fconvert=big-endian  -fopenmp -DSPEC_OPENMP  <objects>            -o options  "
C: LD="/usr/bin/gfortran           -m64"
O: OPTIMIZE="-g -O3 -march=native"
P: FPORTABILITY="-fconvert=big-endian"
O: EXTRA_OPTIMIZE="-fopenmp -DSPEC_OPENMP"
C: LDOUT="-o options"
 FC_VERSION_OPTION:
 CC_VERSION_OPTION:
GNU Fortran (Ubuntu 13.2.0-23ubuntu4) 13.2.0
Copyright (C) 2023 Free Software Foundation, Inc.
This is free software; see the source for copying conditions.  There is NO
warranty; not even for MERCHANTABILITY or FITNESS FOR A PARTICULAR PURPOSE.
gcc (Ubuntu 13.2.0-23ubuntu4) 13.2.0
Copyright (C) 2023 Free Software Foundation, Inc.
This is free software; see the source for copying conditions.  There is NO
warranty; not even for MERCHANTABILITY or FITNESS FOR A PARTICULAR PURPOSE.

  Up to date 628.pop2_s base mytest-m64


Setting Up Run Directories
  Setting up 628.pop2_s refspeed (ref) base mytest-m64: run_base_refspeed_mytest-m64.0000
  Setting up 628.pop2_s refspeed (ref) peak mytest-m64: run_base_refspeed_mytest-m64.0001
-----------------------------------
Running Benchmarks
-----------------------------------
  Running 628.pop2_s refspeed (ref) base mytest-m64 threads:16 [2024-10-24 08:37:15]
OpenMP environment variables removed: None
OpenMP environment variables in effect:
	OMP_NUM_THREADS	=> '16'
	OMP_STACKSIZE	=> '120M'
Pre-run environment changes:
	'OMP_NUM_THREADS' added: (value now '16')
Commands to run (specinvoke command file):
    -r
    -N C
    -C /home/tdx/speccpu2017/benchspec/CPU/628.pop2_s/run/run_base_refspeed_mytest-m64.0000
    -o pop2_s.out -e pop2_s.err ../run_base_refspeed_mytest-m64.0000/speed_pop2_base.mytest-m64 > pop2_s.out 2>> pop2_s.err (timed)
Specinvoke: /home/tdx/speccpu2017/bin/specinvoke -d /home/tdx/speccpu2017/benchspec/CPU/628.pop2_s/run/run_base_refspeed_mytest-m64.0000 -f speccmds.cmd -q -e speccmds.err -o speccmds.stdout
Issuing command '/home/tdx/speccpu2017/bin/specinvoke -d /home/tdx/speccpu2017/benchspec/CPU/628.pop2_s/run/run_base_refspeed_mytest-m64.0000 -f speccmds.cmd -q -e speccmds.err -o speccmds.stdout'
Start command: 2024-10-24 08:37:15 (1729759035.32373)
Stop command: 2024-10-24 08:37:31 (1729759051.76449)
Elapsed time for command: 00:00:16 (16.4407579898834)
628.pop2_s: copy 0 non-zero return code (exit code=137, signal=0)

****************************************
Contents of pop2_s.err
****************************************
Killed

****************************************
****************************************
Contents of speccmds.out
****************************************
specinvoke r4356
 Invoked as: /home/tdx/speccpu2017/bin/specinvoke -d /home/tdx/speccpu2017/benchspec/CPU/628.pop2_s/run/run_base_refspeed_mytest-m64.0000 -f speccmds.cmd -q -e speccmds.err -o speccmds.stdout
timer ticks over every 1000 ns
 Environment in effect for these runs:
 # 1: XDG_SESSION_CLASS=user
 # 2: HUSHLOGIN=FALSE
 # 3: SPECPERLLIB=/home/tdx/speccpu2017/bin/lib:/home/tdx/speccpu2017/bin
 # 4: PATH=/home/tdx/speccpu2017/bin:/usr/local/sbin:/usr/local/bin:/usr/sbin:/usr/bin:/sbin:/bin:/usr/games:/usr/local/games:/snap/bin
 # 5: PWD=/home/tdx/speccpu2017
 # 6: INVOCATION_ID=b67dcd9fc2cd4d6c966bddaab4550aeb
 # 7: SYSTEMD_EXEC_PID=879
 # 8: TERM=vt220
 # 9: OMP_STACKSIZE=120M
 #10: LESSCLOSE=/usr/bin/lesspipe %s %s
 #11: SPEC=/home/tdx/speccpu2017
 #12: LC_ALL=C
 #13: SHLVL=1
 #14: XDG_DATA_DIRS=/usr/local/share:/usr/share:/var/lib/snapd/desktop
 #15: XDG_RUNTIME_DIR=/run/user/0
 #16: CREDENTIALS_DIRECTORY=/run/credentials/serial-getty@hvc0.service
 #17: XDG_SESSION_TYPE=tty
 #18: USER=root
 #19: LESSOPEN=| /usr/bin/lesspipe %s
 #20: XDG_SESSION_ID=1
 #21: LIBC_FATAL_STDERR_=1
 #22: MEMORY_PRESSURE_WRITE=c29tZSAyMDAwMDAgMjAwMDAwMAA=
 #23: SPECDB_PWD=/home/tdx/speccpu2017
 #24: OLDPWD=/home/tdx
 #25: MEMORY_PRESSURE_WATCH=/sys/fs/cgroup/system.slice/system-serial\x2dgetty.slice/serial-getty@hvc0.service/memory.pressure
 #26: SHELL=/bin/bash
 #27: LANG=C.UTF-8
 #28: _=/home/tdx/speccpu2017/bin/runcpu
 #29: LOGNAME=root
 #30: LD_LIBRARY_PATH=/usr/lib64/:/usr/lib/:/lib64
 #31: MAIL=/var/mail/root
 #32: HOME=/root
 #33: LC_LANG=C
 #34: DBUS_SESSION_BUS_ADDRESS=unix:path=/run/user/0/bus
 #35: LS_COLORS=
 #36: OMP_NUM_THREADS=16
running commands in speccmds.cmd 1 times
runs started at		1729759035, 332030000, Thu Oct 24 08:37:15 2024
run 1 started at	1729759035, 332084000, Thu Oct 24 08:37:15 2024
child started: 0,	1729759035, 332099000, pid=1475, '../run_base_refspeed_mytest-m64.0000/speed_pop2_base.mytest-m64 > pop2_s.out 2>> pop2_s.err'
child finished: 0,	1729759051, 600025000, sec=16, nsec=267926000, pid=1475, rc=35072
run 1 finished at:	1729759051, 600315000, Thu Oct 24 08:37:31 2024
run 1 elapsed time:	        16, 268231000, 16.268231000
runs finished at	1729759051, 602230000, Thu Oct 24 08:37:31 2024
runs elapsed time:	        16, 270200000, 16.270200000
error: a total of 1 children finished with errors
specinvoke exit: rc=0

****************************************
Workload elapsed time (copy 0 workload 1) = 16.267926 seconds
Copy 0 of 628.pop2_s (base refspeed) run 1 finished at 2024-10-24 08:37:31.  Total elapsed time: 16.267926
Benchmark Times:
  Run Start:    2024-10-24 08:37:15 (1729759035)
  Run Stop:     2024-10-24 08:37:31 (1729759051)
  Run Elapsed:  00:00:16 (16)
  Run Reported: 00:00:16 (16 270200000 16.2702)
 Error 628.pop2_s base refspeed ratio=729.74, runtime=16.270200, copies=1, threads=16, power=0.00W, temp=0.00 degC, humidity=0.00%, errorcode=RE
-----------------------------------
  Running 628.pop2_s refspeed (ref) peak mytest-m64 threads:16 [2024-10-24 08:37:33]
OpenMP environment variables removed: None
OpenMP environment variables in effect:
	OMP_NUM_THREADS	=> '16'
	OMP_STACKSIZE	=> '120M'
Pre-run environment changes:
	'OMP_NUM_THREADS' added: (value now '16')
Commands to run (specinvoke command file):
    -r
    -N C
    -C /home/tdx/speccpu2017/benchspec/CPU/628.pop2_s/run/run_base_refspeed_mytest-m64.0001
    -o pop2_s.out -e pop2_s.err ../run_base_refspeed_mytest-m64.0001/speed_pop2_base.mytest-m64 > pop2_s.out 2>> pop2_s.err (timed)
Specinvoke: /home/tdx/speccpu2017/bin/specinvoke -d /home/tdx/speccpu2017/benchspec/CPU/628.pop2_s/run/run_base_refspeed_mytest-m64.0001 -f speccmds.cmd -q -e speccmds.err -o speccmds.stdout
Issuing command '/home/tdx/speccpu2017/bin/specinvoke -d /home/tdx/speccpu2017/benchspec/CPU/628.pop2_s/run/run_base_refspeed_mytest-m64.0001 -f speccmds.cmd -q -e speccmds.err -o speccmds.stdout'
Start command: 2024-10-24 08:37:33 (1729759053.70875)
Stop command: 2024-10-24 08:37:53 (1729759073.20642)
Elapsed time for command: 00:00:19 (19.4976699352264)
628.pop2_s: copy 0 non-zero return code (exit code=137, signal=0)

****************************************
Contents of pop2_s.err
****************************************
Killed

****************************************
****************************************
Contents of speccmds.out
****************************************
specinvoke r4356
 Invoked as: /home/tdx/speccpu2017/bin/specinvoke -d /home/tdx/speccpu2017/benchspec/CPU/628.pop2_s/run/run_base_refspeed_mytest-m64.0001 -f speccmds.cmd -q -e speccmds.err -o speccmds.stdout
timer ticks over every 1000 ns
 Environment in effect for these runs:
 # 1: HOME=/root
 # 2: MAIL=/var/mail/root
 # 3: LC_LANG=C
 # 4: LS_COLORS=
 # 5: DBUS_SESSION_BUS_ADDRESS=unix:path=/run/user/0/bus
 # 6: MEMORY_PRESSURE_WATCH=/sys/fs/cgroup/system.slice/system-serial\x2dgetty.slice/serial-getty@hvc0.service/memory.pressure
 # 7: OLDPWD=/home/tdx
 # 8: _=/home/tdx/speccpu2017/bin/runcpu
 # 9: LANG=C.UTF-8
 #10: SHELL=/bin/bash
 #11: LD_LIBRARY_PATH=/usr/lib64/:/usr/lib/:/lib64
 #12: LOGNAME=root
 #13: XDG_DATA_DIRS=/usr/local/share:/usr/share:/var/lib/snapd/desktop
 #14: XDG_RUNTIME_DIR=/run/user/0
 #15: USER=root
 #16: XDG_SESSION_TYPE=tty
 #17: CREDENTIALS_DIRECTORY=/run/credentials/serial-getty@hvc0.service
 #18: SPECDB_PWD=/home/tdx/speccpu2017
 #19: MEMORY_PRESSURE_WRITE=c29tZSAyMDAwMDAgMjAwMDAwMAA=
 #20: XDG_SESSION_ID=1
 #21: LIBC_FATAL_STDERR_=1
 #22: LESSOPEN=| /usr/bin/lesspipe %s
 #23: SPECPERLLIB=/home/tdx/speccpu2017/bin/lib:/home/tdx/speccpu2017/bin
 #24: PATH=/home/tdx/speccpu2017/bin:/usr/local/sbin:/usr/local/bin:/usr/sbin:/usr/bin:/sbin:/bin:/usr/games:/usr/local/games:/snap/bin
 #25: HUSHLOGIN=FALSE
 #26: XDG_SESSION_CLASS=user
 #27: INVOCATION_ID=b67dcd9fc2cd4d6c966bddaab4550aeb
 #28: PWD=/home/tdx/speccpu2017
 #29: LESSCLOSE=/usr/bin/lesspipe %s %s
 #30: SPEC=/home/tdx/speccpu2017
 #31: OMP_STACKSIZE=120M
 #32: SYSTEMD_EXEC_PID=879
 #33: TERM=vt220
 #34: LC_ALL=C
 #35: SHLVL=1
 #36: OMP_NUM_THREADS=16
running commands in speccmds.cmd 1 times
runs started at		1729759053, 717051000, Thu Oct 24 08:37:33 2024
run 1 started at	1729759053, 717691000, Thu Oct 24 08:37:33 2024
child started: 0,	1729759053, 717709000, pid=1500, '../run_base_refspeed_mytest-m64.0001/speed_pop2_base.mytest-m64 > pop2_s.out 2>> pop2_s.err'
child finished: 0,	1729759073, 040566000, sec=19, nsec=322857000, pid=1500, rc=35072
run 1 finished at:	1729759073, 040827000, Thu Oct 24 08:37:53 2024
run 1 elapsed time:	        19, 323136000, 19.323136000
runs finished at	1729759073, 045391000, Thu Oct 24 08:37:53 2024
runs elapsed time:	        19, 328340000, 19.328340000
error: a total of 1 children finished with errors
specinvoke exit: rc=0

****************************************
Workload elapsed time (copy 0 workload 1) = 19.322857 seconds
Copy 0 of 628.pop2_s (peak refspeed) run 1 finished at 2024-10-24 08:37:53.  Total elapsed time: 19.322857
Benchmark Times:
  Run Start:    2024-10-24 08:37:33 (1729759053)
  Run Stop:     2024-10-24 08:37:53 (1729759073)
  Run Elapsed:  00:00:20 (20)
  Run Reported: 00:00:19 (19 328340000 19.32834)
 Error 628.pop2_s peak refspeed ratio=614.28, runtime=19.328340, copies=1, threads=16, power=0.00W, temp=0.00 degC, humidity=0.00%, errorcode=RE
Error: 2x628.pop2_s
Producing Raw Reports
 label: mytest-m64
  workload: refspeed (ref)
   benchset: intspeed
   benchset: intrate
   benchset: fpspeed
   metric: SPECspeed2017_fp_base, SPECspeed2017_fp_peak
    format: raw -> /home/tdx/speccpu2017/result/CPU2017.012.fpspeed.refspeed.rsf
Parsing flags for 628.pop2_s base: done
Parsing flags for 628.pop2_s peak: done
Doing flag reduction: done
    format: flags -> /home/tdx/speccpu2017/result/CPU2017.012.fpspeed.refspeed.flags.html
    format: cfg -> /home/tdx/speccpu2017/result/CPU2017.012.fpspeed.refspeed.cfg
    format: CSV -> /home/tdx/speccpu2017/result/CPU2017.012.fpspeed.refspeed.csv
    format: PDF -> /home/tdx/speccpu2017/result/CPU2017.012.fpspeed.refspeed.pdf
    format: HTML -> /home/tdx/speccpu2017/result/CPU2017.012.fpspeed.refspeed.html
    format: Text -> /home/tdx/speccpu2017/result/CPU2017.012.fpspeed.refspeed.txt
   benchset: fprate
runcpu finished at 2024-10-24 08:37:58; 59 total seconds elapsed
The log for this run is in /home/tdx/speccpu2017/result/CPU2017.012.log

runcpu finished at 2024-10-24 08:37:58; 61 total seconds elapsed
