runcpu v6612 started at 2024-10-29 07:43:03 on "tdx-guest"
runcpu is: /home/tdx/speccpu2017/bin/harness/runcpu
runcpu: runcpu '--config=tdx2.cfg' '--tune=base' '--size=ref' intrate --copies=14
toolset: linux-x86_64
suite: CPU2017 1.1.9

Locating benchmarks...found 47 benchmarks in 73 benchsets.
Reading config file '/home/tdx/speccpu2017/config/tdx2.cfg'

1 configuration selected:

 Action    Run Mode   Workload     Report Type      Benchmarks
--------   --------   --------   ----------------   ---------------------------
validate   rate       refrate    SPECrate2017_int   intrate                    
-------------------------------------------------------------------------------

Setting up environment for running intrate...
Starting runcpu for intrate...
Running "specperl /home/tdx/speccpu2017/bin/sysinfo" to gather system information.
sysinfo: r6732 of 2022-11-07 (fe91c89b7ed5c36ae2c92cc097bec197)
sysinfo: ...getting basic information about kernel, users, and limits
sysinfo: Getting system information for Linux...
sysinfo: ...getting CPU info
sysinfo: ...getting info from numactl
sysinfo: ...getting memory info
sysinfo: ...getting info from systemd
sysinfo: ...getting power info
sysinfo: ...getting system tuning info
sysinfo: ...getting OS info
sysinfo: ...getting disk info
sysinfo: ...getting info from /sys/devices/virtual/dmi/id
sysinfo: ...getting info from dmidecode
Read 315 info lines from the sysinfo program:
  1: notes_plat_sysinfo_100 =  
  2: notes_plat_sysinfo_101 = Sysinfo program /home/tdx/speccpu2017/bin/sysinfo
  3: notes_plat_sysinfo_102 = Rev: r6732 of 2022-11-07 fe91c89b7ed5c36ae2c92cc097bec197
  4: notes_plat_sysinfo_103 = running on tdx-guest Tue Oct 29 07:43:05 2024
  5: notes_plat_sysinfo_104 =  
  6: notes_plat_sysinfo_105 = SUT (System Under Test) info as seen by some common utilities.
  7: notes_plat_sysinfo_107 = 
  8: notes_plat_sysinfo_108 = ------------------------------------------------------------
  9: notes_plat_sysinfo_109 = Table of contents
 10: notes_plat_sysinfo_110 = ------------------------------------------------------------
 11: notes_plat_sysinfo_111 =  1. uname -a
 12: notes_plat_sysinfo_112 =  2. w
 13: notes_plat_sysinfo_113 =  3. Username
 14: notes_plat_sysinfo_114 =  4. ulimit -a
 15: notes_plat_sysinfo_115 =  5. sysinfo process ancestry
 16: notes_plat_sysinfo_116 =  6. /proc/cpuinfo
 17: notes_plat_sysinfo_117 =  7. lscpu
 18: notes_plat_sysinfo_118 =  8. numactl --hardware
 19: notes_plat_sysinfo_119 =  9. /proc/meminfo
 20: notes_plat_sysinfo_120 = 10. who -r
 21: notes_plat_sysinfo_121 = 11. Systemd service manager version: systemd 255 (255.4-1ubuntu8.1)
 22: notes_plat_sysinfo_122 = 12. Failed units, from systemctl list-units --state=failed
 23: notes_plat_sysinfo_123 = 13. Services, from systemctl list-unit-files
 24: notes_plat_sysinfo_124 = 14. Linux kernel boot-time arguments, from /proc/cmdline
 25: notes_plat_sysinfo_125 = 15. cpupower frequency-info
 26: notes_plat_sysinfo_126 = 16. sysctl
 27: notes_plat_sysinfo_127 = 17. /sys/kernel/mm/transparent_hugepage
 28: notes_plat_sysinfo_128 = 18. /sys/kernel/mm/transparent_hugepage/khugepaged
 29: notes_plat_sysinfo_129 = 19. OS release
 30: notes_plat_sysinfo_130 = 20. Disk information
 31: notes_plat_sysinfo_131 = 21. /sys/devices/virtual/dmi/id
 32: notes_plat_sysinfo_132 = 22. dmidecode
 33: notes_plat_sysinfo_133 = 23. BIOS
 34: notes_plat_sysinfo_134 = ------------------------------------------------------------
 35: notes_plat_sysinfo_206 =  
 36: notes_plat_sysinfo_207 = ------------------------------------------------------------
 37: notes_plat_sysinfo_208 = 1. uname -a
 38: notes_plat_sysinfo_209 =   Linux tdx-guest 6.8.0-35-generic #35-Ubuntu SMP PREEMPT_DYNAMIC Mon May 20 15:51:52 UTC 2024 x86_64 x86_64
 39: notes_plat_sysinfo_210 =   x86_64 GNU/Linux
 40: notes_plat_sysinfo_211 =  
 41: notes_plat_sysinfo_212 = ------------------------------------------------------------
 42: notes_plat_sysinfo_213 = 2. w
 43: notes_plat_sysinfo_214 =    07:43:05 up  1:45,  1 user,  load average: 0.08, 0.59, 3.88
 44: notes_plat_sysinfo_215 =   USER     TTY      FROM             LOGIN@   IDLE   JCPU   PCPU WHAT
 45: notes_plat_sysinfo_216 =   root     hvc0     -                05:57    9.00s  8.49s   ?    sh -c w 2>/dev/null
 46: notes_plat_sysinfo_217 =  
 47: notes_plat_sysinfo_218 = ------------------------------------------------------------
 48: notes_plat_sysinfo_219 = 3. Username
 49: notes_plat_sysinfo_220 =   From environment variable $USER:  root
 50: notes_plat_sysinfo_221 =  
 51: notes_plat_sysinfo_222 = ------------------------------------------------------------
 52: notes_plat_sysinfo_223 = 4. ulimit -a
 53: notes_plat_sysinfo_224 =   time(seconds)        unlimited
 54: notes_plat_sysinfo_225 =   file(blocks)         unlimited
 55: notes_plat_sysinfo_226 =   data(kbytes)         unlimited
 56: notes_plat_sysinfo_227 =   stack(kbytes)        8192
 57: notes_plat_sysinfo_228 =   coredump(blocks)     0
 58: notes_plat_sysinfo_229 =   memory(kbytes)       unlimited
 59: notes_plat_sysinfo_230 =   locked memory(kbytes) 233908
 60: notes_plat_sysinfo_231 =   process              7107
 61: notes_plat_sysinfo_232 =   nofiles              1024
 62: notes_plat_sysinfo_233 =   vmemory(kbytes)      unlimited
 63: notes_plat_sysinfo_234 =   locks                unlimited
 64: notes_plat_sysinfo_235 =   rtprio               0
 65: notes_plat_sysinfo_236 =  
 66: notes_plat_sysinfo_237 = ------------------------------------------------------------
 67: notes_plat_sysinfo_238 = 5. sysinfo process ancestry
 68: notes_plat_sysinfo_239 =  /sbin/init
 69: notes_plat_sysinfo_240 =  /bin/login -p --
 70: notes_plat_sysinfo_241 =  -bash
 71: notes_plat_sysinfo_242 =  runcpu --config=tdx2.cfg --tune=base --size=ref intrate --copies=14
 72: notes_plat_sysinfo_243 =  runcpu --configfile tdx2.cfg --tune base --size ref --copies 14 --noreportable --nopower --runmode rate
 73: notes_plat_sysinfo_244 =    --tune base --size refrate intrate --nopreenv --note-preenv --logfile
 74: notes_plat_sysinfo_245 =    $SPEC/tmp/CPU2017.025/templogs/preenv.intrate.025.0.log --lognum 025.0 --from_runcpu 2
 75: notes_plat_sysinfo_246 =  specperl $SPEC/bin/sysinfo
 76: notes_plat_sysinfo_247 = $SPEC = /home/tdx/speccpu2017
 77: notes_plat_sysinfo_248 =  
 78: notes_plat_sysinfo_249 = ------------------------------------------------------------
 79: notes_plat_sysinfo_250 = 6. /proc/cpuinfo
 80: notes_plat_sysinfo_251 =     model name      : 06/8f
 81: notes_plat_sysinfo_252 =     vendor_id       : GenuineIntel
 82: notes_plat_sysinfo_253 =     cpu family      : 6
 83: notes_plat_sysinfo_254 =     model           : 143
 84: notes_plat_sysinfo_255 =     stepping        : 8
 85: notes_plat_sysinfo_256 =     microcode       : 0x2b0005d1
 86: notes_plat_sysinfo_257 =     bugs            : spectre_v1 spectre_v2 spec_store_bypass swapgs eibrs_pbrsb bhi
 87: notes_plat_sysinfo_258 =     cpu cores       : 16
 88: notes_plat_sysinfo_259 =     siblings        : 16
 89: notes_plat_sysinfo_260 =     1 physical ids (chips)
 90: notes_plat_sysinfo_261 =     16 processors (hardware threads)
 91: notes_plat_sysinfo_262 =     physical id 0: core ids 0-15
 92: notes_plat_sysinfo_263 =     physical id 0: apicids 0-15
 93: notes_plat_sysinfo_264 =   Caution: /proc/cpuinfo data regarding chips, cores, and threads is not necessarily reliable, especially for
 94: notes_plat_sysinfo_265 =   virtualized systems.  Use the above data carefully.
 95: notes_plat_sysinfo_266 =  
 96: notes_plat_sysinfo_267 = ------------------------------------------------------------
 97: notes_plat_sysinfo_268 = 7. lscpu
 98: notes_plat_sysinfo_269 =  
 99: notes_plat_sysinfo_270 = From lscpu from util-linux 2.39.3:
100: notes_plat_sysinfo_271 =   Architecture:                         x86_64
101: notes_plat_sysinfo_272 =   CPU op-mode(s):                       32-bit, 64-bit
102: notes_plat_sysinfo_273 =   Address sizes:                        52 bits physical, 57 bits virtual
103: notes_plat_sysinfo_274 =   Byte Order:                           Little Endian
104: notes_plat_sysinfo_275 =   CPU(s):                               16
105: notes_plat_sysinfo_276 =   On-line CPU(s) list:                  0-15
106: notes_plat_sysinfo_277 =   Vendor ID:                            GenuineIntel
107: notes_plat_sysinfo_278 =   BIOS Vendor ID:                       QEMU
108: notes_plat_sysinfo_279 =   Model name:                           06/8f
109: notes_plat_sysinfo_280 =   BIOS Model name:                      pc-q35-8.2  CPU @ 2.0GHz
110: notes_plat_sysinfo_281 =   BIOS CPU family:                      1
111: notes_plat_sysinfo_282 =   CPU family:                           6
112: notes_plat_sysinfo_283 =   Model:                                143
113: notes_plat_sysinfo_284 =   Thread(s) per core:                   1
114: notes_plat_sysinfo_285 =   Core(s) per socket:                   16
115: notes_plat_sysinfo_286 =   Socket(s):                            1
116: notes_plat_sysinfo_287 =   Stepping:                             8
117: notes_plat_sysinfo_288 =   BogoMIPS:                             4800.00
118: notes_plat_sysinfo_289 =   Flags:                                fpu vme de pse tsc msr pae mce cx8 apic sep mtrr pge mca cmov pat
119: notes_plat_sysinfo_290 =                                         clflush dts mmx fxsr sse sse2 ss ht tm syscall nx pdpe1gb rdtscp lm
120: notes_plat_sysinfo_291 =                                         constant_tsc bts rep_good nopl tsc_reliable nonstop_tsc cpuid
121: notes_plat_sysinfo_292 =                                         tsc_known_freq pni pclmulqdq dtes64 ds_cpl ssse3 fma cx16 pdcm pcid
122: notes_plat_sysinfo_293 =                                         sse4_1 sse4_2 x2apic movbe popcnt tsc_deadline_timer aes xsave avx
123: notes_plat_sysinfo_294 =                                         f16c rdrand hypervisor lahf_lm abm 3dnowprefetch cpuid_fault ssbd
124: notes_plat_sysinfo_295 =                                         ibrs ibpb stibp ibrs_enhanced tdx_guest fsgsbase bmi1 avx2 smep bmi2
125: notes_plat_sysinfo_296 =                                         erms invpcid avx512f avx512dq rdseed adx smap avx512ifma clflushopt
126: notes_plat_sysinfo_297 =                                         clwb avx512cd sha_ni avx512bw avx512vl xsaveopt xsavec xgetbv1 xsaves
127: notes_plat_sysinfo_298 =                                         avx_vnni avx512_bf16 wbnoinvd avx512vbmi umip pku ospke avx512_vbmi2
128: notes_plat_sysinfo_299 =                                         gfni vaes vpclmulqdq avx512_vnni avx512_bitalg avx512_vpopcntdq la57
129: notes_plat_sysinfo_300 =                                         rdpid bus_lock_detect cldemote movdiri movdir64b fsrm md_clear
130: notes_plat_sysinfo_301 =                                         serialize tsxldtrk amx_bf16 avx512_fp16 amx_tile amx_int8 flush_l1d
131: notes_plat_sysinfo_302 =                                         arch_capabilities
132: notes_plat_sysinfo_303 =   Hypervisor vendor:                    KVM
133: notes_plat_sysinfo_304 =   Virtualization type:                  full
134: notes_plat_sysinfo_305 =   L1d cache:                            512 KiB (16 instances)
135: notes_plat_sysinfo_306 =   L1i cache:                            512 KiB (16 instances)
136: notes_plat_sysinfo_307 =   L2 cache:                             64 MiB (16 instances)
137: notes_plat_sysinfo_308 =   L3 cache:                             16 MiB (1 instance)
138: notes_plat_sysinfo_309 =   NUMA node(s):                         1
139: notes_plat_sysinfo_310 =   NUMA node0 CPU(s):                    0-15
140: notes_plat_sysinfo_311 =   Vulnerability Gather data sampling:   Not affected
141: notes_plat_sysinfo_312 =   Vulnerability Itlb multihit:          Not affected
142: notes_plat_sysinfo_313 =   Vulnerability L1tf:                   Not affected
143: notes_plat_sysinfo_314 =   Vulnerability Mds:                    Not affected
144: notes_plat_sysinfo_315 =   Vulnerability Meltdown:               Not affected
145: notes_plat_sysinfo_316 =   Vulnerability Mmio stale data:        Not affected
146: notes_plat_sysinfo_317 =   Vulnerability Reg file data sampling: Not affected
147: notes_plat_sysinfo_318 =   Vulnerability Retbleed:               Not affected
148: notes_plat_sysinfo_319 =   Vulnerability Spec rstack overflow:   Not affected
149: notes_plat_sysinfo_320 =   Vulnerability Spec store bypass:      Mitigation; Speculative Store Bypass disabled via prctl
150: notes_plat_sysinfo_321 =   Vulnerability Spectre v1:             Mitigation; usercopy/swapgs barriers and __user pointer sanitization
151: notes_plat_sysinfo_322 =   Vulnerability Spectre v2:             Mitigation; Enhanced / Automatic IBRS; IBPB conditional; RSB filling;
152: notes_plat_sysinfo_323 =                                         PBRSB-eIBRS SW sequence; BHI BHI_DIS_S
153: notes_plat_sysinfo_324 =   Vulnerability Srbds:                  Not affected
154: notes_plat_sysinfo_325 =   Vulnerability Tsx async abort:        Not affected
155: notes_plat_sysinfo_326 =  
156: notes_plat_sysinfo_327 = From lscpu --cache:
157: notes_plat_sysinfo_328 =      NAME ONE-SIZE ALL-SIZE WAYS TYPE        LEVEL  SETS PHY-LINE COHERENCY-SIZE
158: notes_plat_sysinfo_329 =      L1d       32K     512K    8 Data            1    64        1             64
159: notes_plat_sysinfo_330 =      L1i       32K     512K    8 Instruction     1    64        1             64
160: notes_plat_sysinfo_331 =      L2         4M      64M   16 Unified         2  4096        1             64
161: notes_plat_sysinfo_332 =      L3        16M      16M   16 Unified         3 16384        1             64
162: notes_plat_sysinfo_333 =  
163: notes_plat_sysinfo_334 = ------------------------------------------------------------
164: notes_plat_sysinfo_335 = 8. numactl --hardware
165: notes_plat_sysinfo_336 = NOTE: a numactl 'node' might or might not correspond to a physical chip.
166: notes_plat_sysinfo_337 =   available: 1 nodes (0)
167: notes_plat_sysinfo_338 =   node 0 cpus: 0-15
168: notes_plat_sysinfo_339 =   node 0 size: 1827 MB
169: notes_plat_sysinfo_340 =   node 0 free: 1037 MB
170: notes_plat_sysinfo_341 =   node distances:
171: notes_plat_sysinfo_342 =   node   0
172: notes_plat_sysinfo_343 =     0:  10
173: notes_plat_sysinfo_344 =  
174: notes_plat_sysinfo_345 = ------------------------------------------------------------
175: notes_plat_sysinfo_346 = 9. /proc/meminfo
176: notes_plat_sysinfo_347 =    MemTotal:        1871284 kB
177: notes_plat_sysinfo_348 =  
178: notes_plat_sysinfo_349 = ------------------------------------------------------------
179: notes_plat_sysinfo_350 = 10. who -r
180: notes_plat_sysinfo_351 =   run-level 5 Oct 29 05:57
181: notes_plat_sysinfo_352 =  
182: notes_plat_sysinfo_353 = ------------------------------------------------------------
183: notes_plat_sysinfo_354 = 11. Systemd service manager version: systemd 255 (255.4-1ubuntu8.1)
184: notes_plat_sysinfo_355 =   Default Target  Status
185: notes_plat_sysinfo_356 =   graphical       degraded
186: notes_plat_sysinfo_357 =  
187: notes_plat_sysinfo_358 = ------------------------------------------------------------
188: notes_plat_sysinfo_359 = 12. Failed units, from systemctl list-units --state=failed
189: notes_plat_sysinfo_360 =     UNIT           LOAD   ACTIVE SUB    DESCRIPTION
190: notes_plat_sysinfo_361 =   * user@0.service loaded failed failed User Manager for UID 0
191: notes_plat_sysinfo_362 =   Legend: LOAD   -> Reflects whether the unit definition was properly loaded.
192: notes_plat_sysinfo_363 =           ACTIVE -> The high-level unit activation state, i.e. generalization of SUB.
193: notes_plat_sysinfo_364 =           SUB    -> The low-level unit activation state, values depend on unit type.
194: notes_plat_sysinfo_365 =   1 loaded units listed.
195: notes_plat_sysinfo_366 =  
196: notes_plat_sysinfo_367 = ------------------------------------------------------------
197: notes_plat_sysinfo_368 = 13. Services, from systemctl list-unit-files
198: notes_plat_sysinfo_369 =   STATE            UNIT FILES
199: notes_plat_sysinfo_370 =   enabled          ModemManager apparmor apport blk-availability cloud-config cloud-final cloud-init
200: notes_plat_sysinfo_371 =                    cloud-init-local console-setup cron dmesg e2scrub_reap finalrd getty@ grub-common
201: notes_plat_sysinfo_372 =                    grub-initrd-fallback keyboard-setup lvm2-monitor multipathd networkd-dispatcher open-iscsi
202: notes_plat_sysinfo_373 =                    open-vm-tools rsyslog secureboot-db setvtrgb snapd ssh sysstat systemd-networkd
203: notes_plat_sysinfo_374 =                    systemd-networkd-wait-online systemd-pstore systemd-resolved systemd-timesyncd
204: notes_plat_sysinfo_375 =                    ua-reboot-cmds ubuntu-advantage udisks2 ufw unattended-upgrades vgauth
205: notes_plat_sysinfo_376 =   enabled-runtime  netplan-ovs-cleanup systemd-fsck-root systemd-remount-fs
206: notes_plat_sysinfo_377 =   disabled         console-getty debug-shell iscsid nftables rsync systemd-boot-check-no-failures
207: notes_plat_sysinfo_378 =                    systemd-confext systemd-network-generator systemd-networkd-wait-online@
208: notes_plat_sysinfo_379 =                    systemd-pcrlock-file-system systemd-pcrlock-firmware-code systemd-pcrlock-firmware-config
209: notes_plat_sysinfo_380 =                    systemd-pcrlock-machine-id systemd-pcrlock-make-policy
210: notes_plat_sysinfo_381 =                    systemd-pcrlock-secureboot-authority systemd-pcrlock-secureboot-policy systemd-sysext
211: notes_plat_sysinfo_382 =                    systemd-time-wait-sync
212: notes_plat_sysinfo_383 =   indirect         serial-getty@ systemd-sysupdate systemd-sysupdate-reboot uuidd
213: notes_plat_sysinfo_384 =   masked           cryptdisks cryptdisks-early hwclock multipath-tools-boot pollinate screen-cleanup sudo
214: notes_plat_sysinfo_385 =                    x11-common
215: notes_plat_sysinfo_386 =  
216: notes_plat_sysinfo_387 = ------------------------------------------------------------
217: notes_plat_sysinfo_388 = 14. Linux kernel boot-time arguments, from /proc/cmdline
218: notes_plat_sysinfo_389 =   BOOT_IMAGE=/vmlinuz-6.8.0-35-generic
219: notes_plat_sysinfo_390 =   root=UUID=41106c9c-97fc-4396-8622-4f692c8c5bb1
220: notes_plat_sysinfo_391 =   ro
221: notes_plat_sysinfo_392 =   console=tty1
222: notes_plat_sysinfo_393 =   console=ttyS0
223: notes_plat_sysinfo_394 =  
224: notes_plat_sysinfo_395 = ------------------------------------------------------------
225: notes_plat_sysinfo_396 = 15. cpupower frequency-info
226: notes_plat_sysinfo_397 =   analyzing CPU 11:
227: notes_plat_sysinfo_398 =     Unable to determine current policy
228: notes_plat_sysinfo_399 =     boost state support:
229: notes_plat_sysinfo_400 =       Supported: no
230: notes_plat_sysinfo_401 =       Active: no
231: notes_plat_sysinfo_402 =  
232: notes_plat_sysinfo_403 = ------------------------------------------------------------
233: notes_plat_sysinfo_404 = 16. sysctl
234: notes_plat_sysinfo_405 =   kernel.numa_balancing               0
235: notes_plat_sysinfo_406 =   kernel.randomize_va_space           2
236: notes_plat_sysinfo_407 =   vm.compaction_proactiveness        20
237: notes_plat_sysinfo_408 =   vm.dirty_background_bytes           0
238: notes_plat_sysinfo_409 =   vm.dirty_background_ratio          10
239: notes_plat_sysinfo_410 =   vm.dirty_bytes                      0
240: notes_plat_sysinfo_411 =   vm.dirty_expire_centisecs        3000
241: notes_plat_sysinfo_412 =   vm.dirty_ratio                     20
242: notes_plat_sysinfo_413 =   vm.dirty_writeback_centisecs      500
243: notes_plat_sysinfo_414 =   vm.dirtytime_expire_seconds     43200
244: notes_plat_sysinfo_415 =   vm.extfrag_threshold              500
245: notes_plat_sysinfo_416 =   vm.min_unmapped_ratio               1
246: notes_plat_sysinfo_417 =   vm.nr_hugepages                     0
247: notes_plat_sysinfo_418 =   vm.nr_hugepages_mempolicy           0
248: notes_plat_sysinfo_419 =   vm.nr_overcommit_hugepages          0
249: notes_plat_sysinfo_420 =   vm.swappiness                      60
250: notes_plat_sysinfo_421 =   vm.watermark_boost_factor       15000
251: notes_plat_sysinfo_422 =   vm.watermark_scale_factor          10
252: notes_plat_sysinfo_423 =   vm.zone_reclaim_mode                0
253: notes_plat_sysinfo_424 =  
254: notes_plat_sysinfo_425 = ------------------------------------------------------------
255: notes_plat_sysinfo_426 = 17. /sys/kernel/mm/transparent_hugepage
256: notes_plat_sysinfo_427 =   defrag          always defer defer+madvise [madvise] never
257: notes_plat_sysinfo_428 =   enabled         always [madvise] never
258: notes_plat_sysinfo_429 =   hpage_pmd_size  2097152
259: notes_plat_sysinfo_430 =   shmem_enabled   always within_size advise [never] deny force
260: notes_plat_sysinfo_431 =  
261: notes_plat_sysinfo_432 = ------------------------------------------------------------
262: notes_plat_sysinfo_433 = 18. /sys/kernel/mm/transparent_hugepage/khugepaged
263: notes_plat_sysinfo_434 =   alloc_sleep_millisecs   60000
264: notes_plat_sysinfo_435 =   defrag                      1
265: notes_plat_sysinfo_436 =   max_ptes_none             511
266: notes_plat_sysinfo_437 =   max_ptes_shared           256
267: notes_plat_sysinfo_438 =   max_ptes_swap              64
268: notes_plat_sysinfo_439 =   pages_to_scan            4096
269: notes_plat_sysinfo_440 =   scan_sleep_millisecs    10000
270: notes_plat_sysinfo_441 =  
271: notes_plat_sysinfo_442 = ------------------------------------------------------------
272: notes_plat_sysinfo_443 = 19. OS release
273: notes_plat_sysinfo_444 =   From /etc/*-release /etc/*-version
274: notes_plat_sysinfo_445 =   os-release Ubuntu 24.04 LTS
275: notes_plat_sysinfo_446 =  
276: notes_plat_sysinfo_447 = ------------------------------------------------------------
277: notes_plat_sysinfo_448 = 20. Disk information
278: notes_plat_sysinfo_449 = SPEC is set to: /home/tdx/speccpu2017
279: notes_plat_sysinfo_450 =   Filesystem     Type  Size  Used Avail Use% Mounted on
280: notes_plat_sysinfo_451 =   /dev/vda1      ext4   51G   28G   24G  55% /
281: notes_plat_sysinfo_452 =  
282: notes_plat_sysinfo_453 = ------------------------------------------------------------
283: notes_plat_sysinfo_454 = 21. /sys/devices/virtual/dmi/id
284: notes_plat_sysinfo_455 =     Vendor:         QEMU
285: notes_plat_sysinfo_456 =     Product:        Standard PC (Q35 + ICH9, 2009)
286: notes_plat_sysinfo_457 =  
287: notes_plat_sysinfo_458 = ------------------------------------------------------------
288: notes_plat_sysinfo_459 = 22. dmidecode
289: notes_plat_sysinfo_460 =   Additional information from dmidecode 3.5 follows.  WARNING: Use caution when you interpret this section.
290: notes_plat_sysinfo_461 =   The 'dmidecode' program reads system data which is "intended to allow hardware to be accurately
291: notes_plat_sysinfo_462 =   determined", but the intent may not be met, as there are frequent changes to hardware, firmware, and the
292: notes_plat_sysinfo_463 =   "DMTF SMBIOS" standard.
293: notes_plat_sysinfo_464 =   Memory:
294: notes_plat_sysinfo_465 =     1x QEMU Not Specified 2 GB
295: notes_plat_sysinfo_466 =  
296: notes_plat_sysinfo_467 =  
297: notes_plat_sysinfo_468 = ------------------------------------------------------------
298: notes_plat_sysinfo_469 = 23. BIOS
299: notes_plat_sysinfo_470 = (This section combines info from /sys/devices and dmidecode.)
300: notes_plat_sysinfo_471 =    BIOS Vendor:       Ubuntu distribution of EDK II
301: notes_plat_sysinfo_472 =    BIOS Version:      2024.02-3+tdx1.0
302: notes_plat_sysinfo_473 =    BIOS Date:         07/03/2024
303: notes_plat_sysinfo_474 =    BIOS Revision:     0.0
304: hw_cpu_name        = 06/8f
305: hw_disk            = 51 GB  add more disk info here
306: hw_memory001       = 1.785 GB fixme: If using DDR4, the format is:
307: hw_memory002       = 'N GB (N x N GB nRxn PC4-nnnnX-X)'
308: hw_nchips          = 1
309: hw_ncores          = 16
310: hw_nthreadspercore = 1
311: prepared_by        = root  (is never output, only tags rawfile)
312: sw_file            = ext4
313: sw_os001           = Ubuntu 24.04 LTS
314: sw_os002           = 6.8.0-35-generic
315: sw_state           = Run level 5 (add definition here)

Retrieving flags file (/home/tdx/speccpu2017/config/flags/gcc.xml)...
Verbosity = 5
Action    = validate
Tune      = base
Label     = mytest-m64
Size      = refrate
benchmarks= 500.perlbench_r,502.gcc_r,505.mcf_r,520.omnetpp_r,523.xalancbmk_r,525.x264_r,531.deepsjeng_r,541.leela_r,548.exchange2_r,557.xz_r,999.specrand_ir
outputs   = txt,html,cfg,pdf,csv
username  = root
Environment settings:
LD_LIBRARY_PATH = "%{gcc_dir}/lib64/:%{gcc_dir}/lib/:/lib64"

Benchmarks selected: 500.perlbench_r, 502.gcc_r, 505.mcf_r, 520.omnetpp_r, 523.xalancbmk_r, 525.x264_r, 531.deepsjeng_r, 541.leela_r, 548.exchange2_r, 557.xz_r, 999.specrand_ir
Compiling Binaries
------------------------------------------------------------------------
COMP: "/usr/bin/gcc     -std=c99   -m64 -c -o options.o -DSPEC -DNDEBUG -DPERL_CORE -I. -Idist/IO -Icpan/Time-HiRes -Icpan/HTML-Parser -Iext/re -Ispecrand -DDOUBLE_SLASHES_SPECIAL=0 -DSPEC_AUTO_SUPPRESS_OPENMP -D_LARGE_FILES -D_LARGEFILE_SOURCE -D_FILE_OFFSET_BITS=64  -g -O3 -march=native        -DSPEC_LINUX_X64  -fno-strict-aliasing -fno-unsafe-math-optimizations -fno-finite-math-only -fgnu89-inline -fcommon     -DSPEC_LP64  <source>"
C: CC="/usr/bin/gcc     -std=c99   -m64"
C: COBJOPT="-c -o options"
P: CPUFLAGS="-DSPEC -DNDEBUG"
P: BENCH_FLAGS="-DPERL_CORE -I. -Idist/IO -Icpan/Time-HiRes -Icpan/HTML-Parser -Iext/re -Ispecrand -DDOUBLE_SLASHES_SPECIAL=0 -DSPEC_AUTO_SUPPRESS_OPENMP -D_LARGE_FILES -D_LARGEFILE_SOURCE -D_FILE_OFFSET_BITS=64"
P: BENCH_CFLAGS=""
O: OPTIMIZE="-g -O3 -march=native"
O: COPTIMIZE=""
P: PORTABILITY="-DSPEC_LINUX_X64"
P: CPORTABILITY=""
O: EXTRA_CFLAGS="-fno-strict-aliasing -fno-unsafe-math-optimizations -fno-finite-math-only -fgnu89-inline -fcommon"
O: EXTRA_OPTIMIZE=""
O: EXTRA_COPTIMIZE=""
P: EXTRA_PORTABILITY="-DSPEC_LP64"
P: EXTRA_CPORTABILITY=""
LINK: "/usr/bin/gcc     -std=c99   -m64      -g -O3 -march=native     -DSPEC_LINUX_X64     <objects>   -lm         -o options  "
C: LD="/usr/bin/gcc     -std=c99   -m64"
O: OPTIMIZE="-g -O3 -march=native"
P: PORTABILITY="-DSPEC_LINUX_X64"
C: MATH_LIBS="-lm"
C: LDOUT="-o options"
 CC_VERSION_OPTION:
gcc (Ubuntu 13.2.0-23ubuntu4) 13.2.0
Copyright (C) 2023 Free Software Foundation, Inc.
This is free software; see the source for copying conditions.  There is NO
warranty; not even for MERCHANTABILITY or FITNESS FOR A PARTICULAR PURPOSE.

  Up to date 500.perlbench_r base mytest-m64
------------------------------------------------------------------------
COMP: "/usr/bin/gcc     -std=c99   -m64 -c -o options.o -DSPEC -DNDEBUG -I. -I./include -I./spec_qsort -DSPEC_502 -DSPEC_AUTO_SUPPRESS_OPENMP -DIN_GCC -DHAVE_CONFIG_H  -g -O3 -march=native          -fno-strict-aliasing -fno-unsafe-math-optimizations -fno-finite-math-only -fgnu89-inline -fcommon     -DSPEC_LP64  <source>"
C: CC="/usr/bin/gcc     -std=c99   -m64"
C: COBJOPT="-c -o options"
P: CPUFLAGS="-DSPEC -DNDEBUG"
P: BENCH_FLAGS="-I. -I./include -I./spec_qsort -DSPEC_502 -DSPEC_AUTO_SUPPRESS_OPENMP -DIN_GCC -DHAVE_CONFIG_H"
P: BENCH_CFLAGS=""
O: OPTIMIZE="-g -O3 -march=native"
O: COPTIMIZE=""
P: PORTABILITY=""
P: CPORTABILITY=""
O: EXTRA_CFLAGS="-fno-strict-aliasing -fno-unsafe-math-optimizations -fno-finite-math-only -fgnu89-inline -fcommon"
O: EXTRA_OPTIMIZE=""
O: EXTRA_COPTIMIZE=""
P: EXTRA_PORTABILITY="-DSPEC_LP64"
P: EXTRA_CPORTABILITY=""
LINK: "/usr/bin/gcc     -std=c99   -m64      -g -O3 -march=native          <objects>   -lm         -o options  "
C: LD="/usr/bin/gcc     -std=c99   -m64"
O: OPTIMIZE="-g -O3 -march=native"
C: MATH_LIBS="-lm"
C: LDOUT="-o options"
 CC_VERSION_OPTION:
gcc (Ubuntu 13.2.0-23ubuntu4) 13.2.0
Copyright (C) 2023 Free Software Foundation, Inc.
This is free software; see the source for copying conditions.  There is NO
warranty; not even for MERCHANTABILITY or FITNESS FOR A PARTICULAR PURPOSE.

  Up to date 502.gcc_r base mytest-m64
------------------------------------------------------------------------
COMP: "/usr/bin/gcc     -std=c99   -m64 -c -o options.o -DSPEC -DNDEBUG  -Ispec_qsort -DSPEC_AUTO_SUPPRESS_OPENMP -g -O3 -march=native          -fno-strict-aliasing -fno-unsafe-math-optimizations -fno-finite-math-only -fgnu89-inline -fcommon     -DSPEC_LP64  <source>"
C: CC="/usr/bin/gcc     -std=c99   -m64"
C: COBJOPT="-c -o options"
P: CPUFLAGS="-DSPEC -DNDEBUG"
P: BENCH_FLAGS=""
P: BENCH_CFLAGS="-Ispec_qsort -DSPEC_AUTO_SUPPRESS_OPENMP"
O: OPTIMIZE="-g -O3 -march=native"
O: COPTIMIZE=""
P: PORTABILITY=""
P: CPORTABILITY=""
O: EXTRA_CFLAGS="-fno-strict-aliasing -fno-unsafe-math-optimizations -fno-finite-math-only -fgnu89-inline -fcommon"
O: EXTRA_OPTIMIZE=""
O: EXTRA_COPTIMIZE=""
P: EXTRA_PORTABILITY="-DSPEC_LP64"
P: EXTRA_CPORTABILITY=""
LINK: "/usr/bin/gcc     -std=c99   -m64      -g -O3 -march=native          <objects>   -lm         -o options  "
C: LD="/usr/bin/gcc     -std=c99   -m64"
O: OPTIMIZE="-g -O3 -march=native"
C: MATH_LIBS="-lm"
C: LDOUT="-o options"
 CC_VERSION_OPTION:
gcc (Ubuntu 13.2.0-23ubuntu4) 13.2.0
Copyright (C) 2023 Free Software Foundation, Inc.
This is free software; see the source for copying conditions.  There is NO
warranty; not even for MERCHANTABILITY or FITNESS FOR A PARTICULAR PURPOSE.

  Up to date 505.mcf_r base mytest-m64
------------------------------------------------------------------------
COMP: "/usr/bin/g++     -std=c++03 -m64 -c -o options.o -DSPEC -DNDEBUG -Isimulator/platdep -Isimulator -Imodel -DWITH_NETBUILDER -DSPEC_AUTO_SUPPRESS_OPENMP  -g -O3 -march=native         -DSPEC_LP64  <source>"
C: CXXC="/usr/bin/g++     -std=c++03 -m64"
C: CXXOBJOPT="-c -o options"
P: CPUFLAGS="-DSPEC -DNDEBUG"
P: BENCH_FLAGS="-Isimulator/platdep -Isimulator -Imodel -DWITH_NETBUILDER -DSPEC_AUTO_SUPPRESS_OPENMP"
P: BENCH_CXXFLAGS=""
O: OPTIMIZE="-g -O3 -march=native"
O: CXXOPTIMIZE=""
P: PORTABILITY=""
P: CXXPORTABILITY=""
O: EXTRA_CXXFLAGS=""
O: EXTRA_OPTIMIZE=""
O: EXTRA_CXXOPTIMIZE=""
P: EXTRA_PORTABILITY="-DSPEC_LP64"
P: EXTRA_CXXPORTABILITY=""
LINK: "/usr/bin/g++     -std=c++03 -m64      -g -O3 -march=native          <objects>            -o options  "
C: LD="/usr/bin/g++     -std=c++03 -m64"
O: OPTIMIZE="-g -O3 -march=native"
C: LDOUT="-o options"
 CXXC_VERSION_OPTION:
g++ (Ubuntu 13.2.0-23ubuntu4) 13.2.0
Copyright (C) 2023 Free Software Foundation, Inc.
This is free software; see the source for copying conditions.  There is NO
warranty; not even for MERCHANTABILITY or FITNESS FOR A PARTICULAR PURPOSE.

  Up to date 520.omnetpp_r base mytest-m64
------------------------------------------------------------------------
COMP: "/usr/bin/g++     -std=c++03 -m64 -c -o options.o -DSPEC -DNDEBUG  -DAPP_NO_THREADS -DXALAN_INMEM_MSG_LOADER -I. -Ixercesc -Ixercesc/dom -Ixercesc/dom/impl -Ixercesc/sax -Ixercesc/util/MsgLoaders/InMemory -Ixercesc/util/Transcoders/Iconv -Ixalanc/include -DPROJ_XMLPARSER -DPROJ_XMLUTIL -DPROJ_PARSERS -DPROJ_SAX4C -DPROJ_SAX2 -DPROJ_DOM -DPROJ_VALIDATORS -DXML_USE_INMEM_MESSAGELOADER -DSPEC_AUTO_SUPPRESS_OPENMP -g -O3 -march=native    -DSPEC_LINUX     -DSPEC_LP64  <source>"
C: CXXC="/usr/bin/g++     -std=c++03 -m64"
C: CXXOBJOPT="-c -o options"
P: CPUFLAGS="-DSPEC -DNDEBUG"
P: BENCH_FLAGS=""
P: BENCH_CXXFLAGS="-DAPP_NO_THREADS -DXALAN_INMEM_MSG_LOADER -I. -Ixercesc -Ixercesc/dom -Ixercesc/dom/impl -Ixercesc/sax -Ixercesc/util/MsgLoaders/InMemory -Ixercesc/util/Transcoders/Iconv -Ixalanc/include -DPROJ_XMLPARSER -DPROJ_XMLUTIL -DPROJ_PARSERS -DPROJ_SAX4C -DPROJ_SAX2 -DPROJ_DOM -DPROJ_VALIDATORS -DXML_USE_INMEM_MESSAGELOADER -DSPEC_AUTO_SUPPRESS_OPENMP"
O: OPTIMIZE="-g -O3 -march=native"
O: CXXOPTIMIZE=""
P: PORTABILITY="-DSPEC_LINUX"
P: CXXPORTABILITY=""
O: EXTRA_CXXFLAGS=""
O: EXTRA_OPTIMIZE=""
O: EXTRA_CXXOPTIMIZE=""
P: EXTRA_PORTABILITY="-DSPEC_LP64"
P: EXTRA_CXXPORTABILITY=""
LINK: "/usr/bin/g++     -std=c++03 -m64      -g -O3 -march=native     -DSPEC_LINUX     <objects>            -o options  "
C: LD="/usr/bin/g++     -std=c++03 -m64"
O: OPTIMIZE="-g -O3 -march=native"
P: PORTABILITY="-DSPEC_LINUX"
C: LDOUT="-o options"
 CXXC_VERSION_OPTION:
g++ (Ubuntu 13.2.0-23ubuntu4) 13.2.0
Copyright (C) 2023 Free Software Foundation, Inc.
This is free software; see the source for copying conditions.  There is NO
warranty; not even for MERCHANTABILITY or FITNESS FOR A PARTICULAR PURPOSE.

  Up to date 523.xalancbmk_r base mytest-m64
------------------------------------------------------------------------
COMP: "/usr/bin/gcc     -std=c99   -m64 -c -o options.o -DSPEC -DNDEBUG -Ildecod_src/inc -Ix264_src -Ix264_src/extras -Ix264_src/common -DSPEC_AUTO_SUPPRESS_OPENMP -DSPEC_AUTO_BYTEORDER=0x12345678  -g -O3 -march=native          -fno-strict-aliasing -fno-unsafe-math-optimizations -fno-finite-math-only -fgnu89-inline -fcommon     -DSPEC_LP64  <source>"
C: CC="/usr/bin/gcc     -std=c99   -m64"
C: COBJOPT="-c -o options"
P: CPUFLAGS="-DSPEC -DNDEBUG"
P: BENCH_FLAGS="-Ildecod_src/inc -Ix264_src -Ix264_src/extras -Ix264_src/common -DSPEC_AUTO_SUPPRESS_OPENMP -DSPEC_AUTO_BYTEORDER=0x12345678"
P: BENCH_CFLAGS=""
O: OPTIMIZE="-g -O3 -march=native"
O: COPTIMIZE=""
P: PORTABILITY=""
P: CPORTABILITY=""
O: EXTRA_CFLAGS="-fno-strict-aliasing -fno-unsafe-math-optimizations -fno-finite-math-only -fgnu89-inline -fcommon"
O: EXTRA_OPTIMIZE=""
O: EXTRA_COPTIMIZE=""
P: EXTRA_PORTABILITY="-DSPEC_LP64"
P: EXTRA_CPORTABILITY=""
LINK: "/usr/bin/gcc     -std=c99   -m64      -g -O3 -march=native          <objects>   -lm         -o options  "
C: LD="/usr/bin/gcc     -std=c99   -m64"
O: OPTIMIZE="-g -O3 -march=native"
C: MATH_LIBS="-lm"
C: LDOUT="-o options"
 CC_VERSION_OPTION:
gcc (Ubuntu 13.2.0-23ubuntu4) 13.2.0
Copyright (C) 2023 Free Software Foundation, Inc.
This is free software; see the source for copying conditions.  There is NO
warranty; not even for MERCHANTABILITY or FITNESS FOR A PARTICULAR PURPOSE.

COMP: "/usr/bin/gcc     -std=c99   -m64 -c -o options.o -DSPEC -DNDEBUG -Ildecod_src/inc -Ix264_src -Ix264_src/extras -Ix264_src/common -DSPEC_AUTO_SUPPRESS_OPENMP -DSPEC_AUTO_BYTEORDER=0x12345678  -g -O3 -march=native          -fno-strict-aliasing -fno-unsafe-math-optimizations -fno-finite-math-only -fgnu89-inline -fcommon     -DSPEC_LP64  <source>"
C: CC="/usr/bin/gcc     -std=c99   -m64"
C: COBJOPT="-c -o options"
P: CPUFLAGS="-DSPEC -DNDEBUG"
P: BENCH_FLAGS="-Ildecod_src/inc -Ix264_src -Ix264_src/extras -Ix264_src/common -DSPEC_AUTO_SUPPRESS_OPENMP -DSPEC_AUTO_BYTEORDER=0x12345678"
P: BENCH_CFLAGS=""
O: OPTIMIZE="-g -O3 -march=native"
O: COPTIMIZE=""
P: PORTABILITY=""
P: CPORTABILITY=""
O: EXTRA_CFLAGS="-fno-strict-aliasing -fno-unsafe-math-optimizations -fno-finite-math-only -fgnu89-inline -fcommon"
O: EXTRA_OPTIMIZE=""
O: EXTRA_COPTIMIZE=""
P: EXTRA_PORTABILITY="-DSPEC_LP64"
P: EXTRA_CPORTABILITY=""
LINK: "/usr/bin/gcc     -std=c99   -m64      -g -O3 -march=native          <objects>   -lm         -o options  "
C: LD="/usr/bin/gcc     -std=c99   -m64"
O: OPTIMIZE="-g -O3 -march=native"
C: MATH_LIBS="-lm"
C: LDOUT="-o options"
 CC_VERSION_OPTION:
gcc (Ubuntu 13.2.0-23ubuntu4) 13.2.0
Copyright (C) 2023 Free Software Foundation, Inc.
This is free software; see the source for copying conditions.  There is NO
warranty; not even for MERCHANTABILITY or FITNESS FOR A PARTICULAR PURPOSE.

COMP: "/usr/bin/gcc     -std=c99   -m64 -c -o options.o -DSPEC -DNDEBUG -Ildecod_src/inc -Ix264_src -Ix264_src/extras -Ix264_src/common -DSPEC_AUTO_SUPPRESS_OPENMP -DSPEC_AUTO_BYTEORDER=0x12345678  -g -O3 -march=native          -fno-strict-aliasing -fno-unsafe-math-optimizations -fno-finite-math-only -fgnu89-inline -fcommon     -DSPEC_LP64  <source>"
C: CC="/usr/bin/gcc     -std=c99   -m64"
C: COBJOPT="-c -o options"
P: CPUFLAGS="-DSPEC -DNDEBUG"
P: BENCH_FLAGS="-Ildecod_src/inc -Ix264_src -Ix264_src/extras -Ix264_src/common -DSPEC_AUTO_SUPPRESS_OPENMP -DSPEC_AUTO_BYTEORDER=0x12345678"
P: BENCH_CFLAGS=""
O: OPTIMIZE="-g -O3 -march=native"
O: COPTIMIZE=""
P: PORTABILITY=""
P: CPORTABILITY=""
O: EXTRA_CFLAGS="-fno-strict-aliasing -fno-unsafe-math-optimizations -fno-finite-math-only -fgnu89-inline -fcommon"
O: EXTRA_OPTIMIZE=""
O: EXTRA_COPTIMIZE=""
P: EXTRA_PORTABILITY="-DSPEC_LP64"
P: EXTRA_CPORTABILITY=""
LINK: "/usr/bin/gcc     -std=c99   -m64      -g -O3 -march=native          <objects>   -lm         -o options  "
C: LD="/usr/bin/gcc     -std=c99   -m64"
O: OPTIMIZE="-g -O3 -march=native"
C: MATH_LIBS="-lm"
C: LDOUT="-o options"
 CC_VERSION_OPTION:
gcc (Ubuntu 13.2.0-23ubuntu4) 13.2.0
Copyright (C) 2023 Free Software Foundation, Inc.
This is free software; see the source for copying conditions.  There is NO
warranty; not even for MERCHANTABILITY or FITNESS FOR A PARTICULAR PURPOSE.

  Up to date 525.x264_r base mytest-m64
------------------------------------------------------------------------
COMP: "/usr/bin/g++     -std=c++03 -m64 -c -o options.o -DSPEC -DNDEBUG -DSMALL_MEMORY -DSPEC_AUTO_SUPPRESS_OPENMP  -g -O3 -march=native         -DSPEC_LP64  <source>"
C: CXXC="/usr/bin/g++     -std=c++03 -m64"
C: CXXOBJOPT="-c -o options"
P: CPUFLAGS="-DSPEC -DNDEBUG"
P: BENCH_FLAGS="-DSMALL_MEMORY -DSPEC_AUTO_SUPPRESS_OPENMP"
P: BENCH_CXXFLAGS=""
O: OPTIMIZE="-g -O3 -march=native"
O: CXXOPTIMIZE=""
P: PORTABILITY=""
P: CXXPORTABILITY=""
O: EXTRA_CXXFLAGS=""
O: EXTRA_OPTIMIZE=""
O: EXTRA_CXXOPTIMIZE=""
P: EXTRA_PORTABILITY="-DSPEC_LP64"
P: EXTRA_CXXPORTABILITY=""
LINK: "/usr/bin/g++     -std=c++03 -m64      -g -O3 -march=native          <objects>            -o options  "
C: LD="/usr/bin/g++     -std=c++03 -m64"
O: OPTIMIZE="-g -O3 -march=native"
C: LDOUT="-o options"
 CXXC_VERSION_OPTION:
g++ (Ubuntu 13.2.0-23ubuntu4) 13.2.0
Copyright (C) 2023 Free Software Foundation, Inc.
This is free software; see the source for copying conditions.  There is NO
warranty; not even for MERCHANTABILITY or FITNESS FOR A PARTICULAR PURPOSE.

  Up to date 531.deepsjeng_r base mytest-m64
------------------------------------------------------------------------
COMP: "/usr/bin/g++     -std=c++03 -m64 -c -o options.o -DSPEC -DNDEBUG -I. -DSPEC_AUTO_SUPPRESS_OPENMP  -g -O3 -march=native         -DSPEC_LP64  <source>"
C: CXXC="/usr/bin/g++     -std=c++03 -m64"
C: CXXOBJOPT="-c -o options"
P: CPUFLAGS="-DSPEC -DNDEBUG"
P: BENCH_FLAGS="-I. -DSPEC_AUTO_SUPPRESS_OPENMP"
P: BENCH_CXXFLAGS=""
O: OPTIMIZE="-g -O3 -march=native"
O: CXXOPTIMIZE=""
P: PORTABILITY=""
P: CXXPORTABILITY=""
O: EXTRA_CXXFLAGS=""
O: EXTRA_OPTIMIZE=""
O: EXTRA_CXXOPTIMIZE=""
P: EXTRA_PORTABILITY="-DSPEC_LP64"
P: EXTRA_CXXPORTABILITY=""
LINK: "/usr/bin/g++     -std=c++03 -m64      -g -O3 -march=native          <objects>            -o options  "
C: LD="/usr/bin/g++     -std=c++03 -m64"
O: OPTIMIZE="-g -O3 -march=native"
C: LDOUT="-o options"
 CXXC_VERSION_OPTION:
g++ (Ubuntu 13.2.0-23ubuntu4) 13.2.0
Copyright (C) 2023 Free Software Foundation, Inc.
This is free software; see the source for copying conditions.  There is NO
warranty; not even for MERCHANTABILITY or FITNESS FOR A PARTICULAR PURPOSE.

  Up to date 541.leela_r base mytest-m64
------------------------------------------------------------------------
FPP: "specpp -DSPEC -DNDEBUG -DSPEC_AUTO_SUPPRESS_OPENMP -DSPEC_LP64 <source> -o <source>.fppized.f9x"
P: CPUFLAGS="-DSPEC -DNDEBUG"
P: BENCH_FLAGS="-DSPEC_AUTO_SUPPRESS_OPENMP"
O: OPTIMIZE=""
O: EXTRA_OPTIMIZE=""
O: FPPOPTIMIZE=""
O: EXTRA_FPPOPTIMIZE=""
O: FOPTIMIZE=""
O: EXTRA_FOPTIMIZE=""
P: PORTABILITY=""
P: EXTRA_PORTABILITY="-DSPEC_LP64"
P: FPORTABILITY=""
P: EXTRA_FPORTABILITY=""
COMP: "/usr/bin/gfortran           -m64 -c -o options.o -g -O3 -march=native <source>"
C: FC="/usr/bin/gfortran           -m64"
C: FOBJOPT="-c -o options"
P: CPUFLAGS="-DSPEC -DNDEBUG"
P: BENCH_FLAGS="-DSPEC_AUTO_SUPPRESS_OPENMP"
P: BENCH_FFLAGS=""
O: OPTIMIZE="-g -O3 -march=native"
O: FOPTIMIZE=""
P: PORTABILITY=""
P: FPORTABILITY=""
O: EXTRA_FFLAGS=""
O: EXTRA_OPTIMIZE=""
O: EXTRA_FOPTIMIZE=""
P: EXTRA_PORTABILITY="-DSPEC_LP64"
P: EXTRA_FPORTABILITY=""
LINK: "/usr/bin/gfortran           -m64      -g -O3 -march=native          <objects>            -o options  "
C: LD="/usr/bin/gfortran           -m64"
O: OPTIMIZE="-g -O3 -march=native"
C: LDOUT="-o options"
 FC_VERSION_OPTION:
GNU Fortran (Ubuntu 13.2.0-23ubuntu4) 13.2.0
Copyright (C) 2023 Free Software Foundation, Inc.
This is free software; see the source for copying conditions.  There is NO
warranty; not even for MERCHANTABILITY or FITNESS FOR A PARTICULAR PURPOSE.

  Up to date 548.exchange2_r base mytest-m64
------------------------------------------------------------------------
COMP: "/usr/bin/gcc     -std=c99   -m64 -c -o options.o -DSPEC -DNDEBUG -DSPEC_AUTO_BYTEORDER=0x12345678 -DHAVE_CONFIG_H=1 -DSPEC_MEM_IO -DSPEC_XZ -DSPEC_AUTO_SUPPRESS_OPENMP -I. -Ispec_mem_io -Isha-2 -Icommon -Iliblzma/api -Iliblzma/lzma -Iliblzma/common -Iliblzma/check -Iliblzma/simple -Iliblzma/delta -Iliblzma/lz -Iliblzma/rangecoder  -g -O3 -march=native          -fno-strict-aliasing -fno-unsafe-math-optimizations -fno-finite-math-only -fgnu89-inline -fcommon     -DSPEC_LP64  <source>"
C: CC="/usr/bin/gcc     -std=c99   -m64"
C: COBJOPT="-c -o options"
P: CPUFLAGS="-DSPEC -DNDEBUG"
P: BENCH_FLAGS="-DSPEC_AUTO_BYTEORDER=0x12345678 -DHAVE_CONFIG_H=1 -DSPEC_MEM_IO -DSPEC_XZ -DSPEC_AUTO_SUPPRESS_OPENMP -I. -Ispec_mem_io -Isha-2 -Icommon -Iliblzma/api -Iliblzma/lzma -Iliblzma/common -Iliblzma/check -Iliblzma/simple -Iliblzma/delta -Iliblzma/lz -Iliblzma/rangecoder"
P: BENCH_CFLAGS=""
O: OPTIMIZE="-g -O3 -march=native"
O: COPTIMIZE=""
P: PORTABILITY=""
P: CPORTABILITY=""
O: EXTRA_CFLAGS="-fno-strict-aliasing -fno-unsafe-math-optimizations -fno-finite-math-only -fgnu89-inline -fcommon"
O: EXTRA_OPTIMIZE=""
O: EXTRA_COPTIMIZE=""
P: EXTRA_PORTABILITY="-DSPEC_LP64"
P: EXTRA_CPORTABILITY=""
LINK: "/usr/bin/gcc     -std=c99   -m64      -g -O3 -march=native          <objects>            -o options  "
C: LD="/usr/bin/gcc     -std=c99   -m64"
O: OPTIMIZE="-g -O3 -march=native"
C: LDOUT="-o options"
 CC_VERSION_OPTION:
gcc (Ubuntu 13.2.0-23ubuntu4) 13.2.0
Copyright (C) 2023 Free Software Foundation, Inc.
This is free software; see the source for copying conditions.  There is NO
warranty; not even for MERCHANTABILITY or FITNESS FOR A PARTICULAR PURPOSE.

  Up to date 557.xz_r base mytest-m64
------------------------------------------------------------------------
COMP: "/usr/bin/gcc     -std=c99   -m64 -c -o options.o -DSPEC -DNDEBUG -Ispecrand-common  -g -O3 -march=native          -fno-strict-aliasing -fno-unsafe-math-optimizations -fno-finite-math-only -fgnu89-inline -fcommon     -DSPEC_LP64  <source>"
C: CC="/usr/bin/gcc     -std=c99   -m64"
C: COBJOPT="-c -o options"
P: CPUFLAGS="-DSPEC -DNDEBUG"
P: BENCH_FLAGS="-Ispecrand-common"
P: BENCH_CFLAGS=""
O: OPTIMIZE="-g -O3 -march=native"
O: COPTIMIZE=""
P: PORTABILITY=""
P: CPORTABILITY=""
O: EXTRA_CFLAGS="-fno-strict-aliasing -fno-unsafe-math-optimizations -fno-finite-math-only -fgnu89-inline -fcommon"
O: EXTRA_OPTIMIZE=""
O: EXTRA_COPTIMIZE=""
P: EXTRA_PORTABILITY="-DSPEC_LP64"
P: EXTRA_CPORTABILITY=""
LINK: "/usr/bin/gcc     -std=c99   -m64      -g -O3 -march=native          <objects>            -o options  "
C: LD="/usr/bin/gcc     -std=c99   -m64"
O: OPTIMIZE="-g -O3 -march=native"
C: LDOUT="-o options"
 CC_VERSION_OPTION:
gcc (Ubuntu 13.2.0-23ubuntu4) 13.2.0
Copyright (C) 2023 Free Software Foundation, Inc.
This is free software; see the source for copying conditions.  There is NO
warranty; not even for MERCHANTABILITY or FITNESS FOR A PARTICULAR PURPOSE.

  Up to date 999.specrand_ir base mytest-m64


Setting Up Run Directories
  Setting up 500.perlbench_r refrate (ref) base mytest-m64 (14 copies): run_base_refrate_mytest-m64.0047-0060
  Setting up 502.gcc_r refrate (ref) base mytest-m64 (14 copies): run_base_refrate_mytest-m64.0047-0060
  Setting up 505.mcf_r refrate (ref) base mytest-m64 (14 copies): run_base_refrate_mytest-m64.0047-0060
  Setting up 520.omnetpp_r refrate (ref) base mytest-m64 (14 copies): run_base_refrate_mytest-m64.0047-0060
  Setting up 523.xalancbmk_r refrate (ref) base mytest-m64 (14 copies): run_base_refrate_mytest-m64.0047-0060
  Setting up 525.x264_r refrate (ref) base mytest-m64 (14 copies): OpenMP environment variables removed: None
OpenMP environment variables in effect:
	OMP_NUM_THREADS	=> '1'
	OMP_THREAD_LIMIT	=> '1'
Pre-run environment changes:
	'OMP_NUM_THREADS' added: (value now '1')
	'OMP_THREAD_LIMIT' added: (value now '1')
Issuing command '/home/tdx/speccpu2017/bin/specinvoke -d /home/tdx/speccpu2017/benchspec/CPU/525.x264_r/run/run_base_refrate_mytest-m64.0047 -f inputgen.cmd -e inputgen.err -o inputgen.stdout'
Start command: 2024-10-29 07:43:20 (1730187800.8832)
Stop command: 2024-10-29 07:43:35 (1730187815.70536)
Elapsed time for command: 00:00:14 (14.8221559524536)
Input generation total elapsed time = 15 seconds
Input generation elapsed time (0:1) = 14.656324 seconds
run_base_refrate_mytest-m64.0047-0060
  Setting up 531.deepsjeng_r refrate (ref) base mytest-m64 (14 copies): run_base_refrate_mytest-m64.0047-0060
  Setting up 541.leela_r refrate (ref) base mytest-m64 (14 copies): run_base_refrate_mytest-m64.0047-0060
  Setting up 548.exchange2_r refrate (ref) base mytest-m64 (14 copies): run_base_refrate_mytest-m64.0047-0060
  Setting up 557.xz_r refrate (ref) base mytest-m64 (14 copies): run_base_refrate_mytest-m64.0047-0060
  Setting up 999.specrand_ir refrate (ref) base mytest-m64 (14 copies): run_base_refrate_mytest-m64.0047-0060
-----------------------------------
Running Benchmarks
-----------------------------------
  Running 500.perlbench_r refrate (ref) base mytest-m64 (14 copies) [2024-10-29 07:43:44]
OpenMP environment variables removed: None
OpenMP environment variables in effect:
	OMP_NUM_THREADS	=> '1'
	OMP_THREAD_LIMIT	=> '1'
Pre-run environment changes:
	'OMP_NUM_THREADS' added: (value now '1')
	'OMP_THREAD_LIMIT' added: (value now '1')
Commands to run (specinvoke command file):
    -r
    -N C
    -C /home/tdx/speccpu2017/benchspec/CPU/500.perlbench_r/run/run_base_refrate_mytest-m64.0047
    -C /home/tdx/speccpu2017/benchspec/CPU/500.perlbench_r/run/run_base_refrate_mytest-m64.0048
    -C /home/tdx/speccpu2017/benchspec/CPU/500.perlbench_r/run/run_base_refrate_mytest-m64.0049
    -C /home/tdx/speccpu2017/benchspec/CPU/500.perlbench_r/run/run_base_refrate_mytest-m64.0050
    -C /home/tdx/speccpu2017/benchspec/CPU/500.perlbench_r/run/run_base_refrate_mytest-m64.0051
    -C /home/tdx/speccpu2017/benchspec/CPU/500.perlbench_r/run/run_base_refrate_mytest-m64.0052
    -C /home/tdx/speccpu2017/benchspec/CPU/500.perlbench_r/run/run_base_refrate_mytest-m64.0053
    -C /home/tdx/speccpu2017/benchspec/CPU/500.perlbench_r/run/run_base_refrate_mytest-m64.0054
    -C /home/tdx/speccpu2017/benchspec/CPU/500.perlbench_r/run/run_base_refrate_mytest-m64.0055
    -C /home/tdx/speccpu2017/benchspec/CPU/500.perlbench_r/run/run_base_refrate_mytest-m64.0056
    -C /home/tdx/speccpu2017/benchspec/CPU/500.perlbench_r/run/run_base_refrate_mytest-m64.0057
    -C /home/tdx/speccpu2017/benchspec/CPU/500.perlbench_r/run/run_base_refrate_mytest-m64.0058
    -C /home/tdx/speccpu2017/benchspec/CPU/500.perlbench_r/run/run_base_refrate_mytest-m64.0059
    -C /home/tdx/speccpu2017/benchspec/CPU/500.perlbench_r/run/run_base_refrate_mytest-m64.0060
    -o checkspam.2500.5.25.11.150.1.1.1.1.out -e checkspam.2500.5.25.11.150.1.1.1.1.err ../run_base_refrate_mytest-m64.0047/perlbench_r_base.mytest-m64 -I./lib checkspam.pl 2500 5 25 11 150 1 1 1 1 > checkspam.2500.5.25.11.150.1.1.1.1.out 2>> checkspam.2500.5.25.11.150.1.1.1.1.err (timed)
    -o diffmail.4.800.10.17.19.300.out -e diffmail.4.800.10.17.19.300.err ../run_base_refrate_mytest-m64.0047/perlbench_r_base.mytest-m64 -I./lib diffmail.pl 4 800 10 17 19 300 > diffmail.4.800.10.17.19.300.out 2>> diffmail.4.800.10.17.19.300.err (timed)
    -o splitmail.6400.12.26.16.100.0.out -e splitmail.6400.12.26.16.100.0.err ../run_base_refrate_mytest-m64.0047/perlbench_r_base.mytest-m64 -I./lib splitmail.pl 6400 12 26 16 100 0 > splitmail.6400.12.26.16.100.0.out 2>> splitmail.6400.12.26.16.100.0.err (timed)
Specinvoke: /home/tdx/speccpu2017/bin/specinvoke -d /home/tdx/speccpu2017/benchspec/CPU/500.perlbench_r/run/run_base_refrate_mytest-m64.0047 -f speccmds.cmd -q -e speccmds.err -o speccmds.stdout
Issuing command '/home/tdx/speccpu2017/bin/specinvoke -d /home/tdx/speccpu2017/benchspec/CPU/500.perlbench_r/run/run_base_refrate_mytest-m64.0047 -f speccmds.cmd -q -e speccmds.err -o speccmds.stdout'
Start command: 2024-10-29 07:43:44 (1730187824.21825)
